Entered directory /misc/vlgscratch2/FergusGroup/sercu/youtube/Bears with 74 videos
wr4d2FfivA4 - Skipping video
fWeiauMNnEs - Skipping video
Rkx10rwbFC8 - Skipping video
twGFxc6XObs - Skipping video
qQbSUO6HGEQ - Skipping video
OxpEGHnEQMY - Skipping video
V4SmBrnD58Y - Skipping video
49-KW-rwYmQ - Skipping video
cSPw6MXS5IA - Skipping video
lD63JOjqTDg - Skipping video
txED4ByjtCU - Skipping video
pOBujrezJVE - Skipping video
d36MK94POaI - Skipping video
bb3epqISWnI - Skipping video
yx8kjJgt_AE - Skipping video
3KyNsMszBY4 - Skipping video
GaYA3sHfk5U - Skipping video
LsZaD92ZryY - Skipping video
PTlL2N5Iwh8 - Skipping video
S3bKmz4od3g - Skipping video
ovBispFEFfE - Skipping video
iBsggj9t7VM - Skipping video
ldcSQbeUOiE - Skipping video
S19JJGEMNnI - Skipping video
fTnjZ4doTOg - Skipping video
HBBJkp0q8sw - Skipping video
5xtxswjKp-w - Skipping video
DX2lUN_ywTg - Skipping video
_o69h-vZ1Pc - Skipping video
3-eOlbWXJCY - Skipping video
8PNQCfWEA2A - Skipping video
Ib9WOVlB6xA - Skipping video
WL4yk9CGhsw - Skipping video
WvbIN4eXcHY - Skipping video
Dk2jjpLlR-I - Skipping video
2Qx2qLTtaZE - Skipping video
3QdBGRejCHQ - Skipping video
5BCVzr_xJYM - Skipping video
sEMwsQ34vZ8 - Skipping video
qDx4XsJpG6A - Skipping video
4msUhLnQtn0 - Skipping video
kZUbJWMu_QA - Skipping video
Ij3R07qeS1I - Skipping video
WW7QVI2QQKI - Skipping video
hVbQZE1Ds9k - Skipping video
VjrhvQTBwVs - Skipping video
QCRoWnpI110 - Skipping video
EsdY_aStO24 - Skipping video
GUfPuZrwR28 - Skipping video
kr29mEzAgNk - Skipping video
9zEKU2VI-KU - Skipping video
82iXK6xzySc - Skipping video
p2M7c-nvgbo - Skipping video
TNK2QocFr0g - Skipping video
sa8jT-GrmDE - Skipping video
y6vwMLvmb4g - Skipping video
T6oXRpMQHfo - Skipping video
8VaefYfY1L0 - Skipping video
i_-PwiwAFNw - Skipping video
h4ViNumnAFw - Subprocess ffmpeg to extract frames for id=h4ViNumnAFw, writing frames to /misc/vlgscratch2/FergusGroup/sercu/frames/Bears/h4ViNumnAFw
h4ViNumnAFw - Finished extracting frames, start making overview.
h4ViNumnAFw - Extracted 7019 frames, in 459 shots. Time from 1.4 to 3540.3 miliseconds.
h4ViNumnAFw - Succesfully parsed ffmpeg log to shot info and pickled to /misc/vlgscratch2/FergusGroup/sercu/frames/Bears/h4ViNumnAFw/info.pk
ifSvkEQQH7U - Skipping video
HgUO0iUYuZg - Skipping video
wDL6rgNyO70 - Skipping video
RpTzkF3zHUU - Skipping video
6yvbMRioy1U - Skipping video
-aS1_o0P1CU - Subprocess ffmpeg to extract frames for id=-aS1_o0P1CU, writing frames to /misc/vlgscratch2/FergusGroup/sercu/frames/Bears/-aS1_o0P1CU
-aS1_o0P1CU - Finished extracting frames, start making overview.
-aS1_o0P1CU - Extracted 6043 frames, in 318 shots. Time from 0.9 to 2951.4 miliseconds.
-aS1_o0P1CU - Succesfully parsed ffmpeg log to shot info and pickled to /misc/vlgscratch2/FergusGroup/sercu/frames/Bears/-aS1_o0P1CU/info.pk
JoMxBdj-o24 - Skipping video
fUOPxPnE5Bk - Skipping video
00jjvJAN8Dk - Skipping video
eDw0E1f5uQY - Skipping video
d6yZj3YAiYI - Skipping video
ErC1Vf6Px48 - Skipping video
FWMZFAfojfA - Subprocess ffmpeg to extract frames for id=FWMZFAfojfA, writing frames to /misc/vlgscratch2/FergusGroup/sercu/frames/Bears/FWMZFAfojfA
FWMZFAfojfA - Finished extracting frames, start making overview.
FWMZFAfojfA - Extracted 3296 frames, in 21 shots. Time from 260.1 to 1903.9 miliseconds.
FWMZFAfojfA - Succesfully parsed ffmpeg log to shot info and pickled to /misc/vlgscratch2/FergusGroup/sercu/frames/Bears/FWMZFAfojfA/info.pk
R78ZWASaFoU - Skipping video
Entered directory /misc/vlgscratch2/FergusGroup/sercu/youtube/Lions with 77 videos
ini_S6FK8DY - Skipping video
K3LevjGEbZw - Subprocess ffmpeg to extract frames for id=K3LevjGEbZw, writing frames to /misc/vlgscratch2/FergusGroup/sercu/frames/Lions/K3LevjGEbZw
K3LevjGEbZw - Finished extracting frames, start making overview.
K3LevjGEbZw - Extracted 7539 frames, in 292 shots. Time from 2.8 to 3847.8 miliseconds.
K3LevjGEbZw - Succesfully parsed ffmpeg log to shot info and pickled to /misc/vlgscratch2/FergusGroup/sercu/frames/Lions/K3LevjGEbZw/info.pk
3EBy69dRr04 - Skipping video
EU8TEiP3TnY - Skipping video
Yg2oEHQq-48 - Skipping video
5h31Hmq8hQg - Skipping video
q-QFfm4aRAc - Skipping video
TCDv-mNJT7s - Skipping video
ZKZ8_JTUn7g - Subprocess ffmpeg to extract frames for id=ZKZ8_JTUn7g, writing frames to /misc/vlgscratch2/FergusGroup/sercu/frames/Lions/ZKZ8_JTUn7g
ZKZ8_JTUn7g - Finished extracting frames, start making overview.
ZKZ8_JTUn7g - Extracted 7540 frames, in 296 shots. Time from 2.8 to 3847.8 miliseconds.
ZKZ8_JTUn7g - Succesfully parsed ffmpeg log to shot info and pickled to /misc/vlgscratch2/FergusGroup/sercu/frames/Lions/ZKZ8_JTUn7g/info.pk
9dJv5TYmDeQ - Skipping video
gaU85YiBSzc - Skipping video
aa1mob1wcLs - Skipping video
TJDE6A58BYc - Skipping video
ZhvVlFg9Yj8 - Skipping video
fW6Fx4-MWzM - Skipping video
OJtGmCPVDwQ - Subprocess ffmpeg to extract frames for id=OJtGmCPVDwQ, writing frames to /misc/vlgscratch2/FergusGroup/sercu/frames/Lions/OJtGmCPVDwQ
OJtGmCPVDwQ - Finished extracting frames, start making overview.
OJtGmCPVDwQ - Extracted 5655 frames, in 475 shots. Time from 4.9 to 2818.9 miliseconds.
OJtGmCPVDwQ - Succesfully parsed ffmpeg log to shot info and pickled to /misc/vlgscratch2/FergusGroup/sercu/frames/Lions/OJtGmCPVDwQ/info.pk
zgLVJw9Umbs - Skipping video
Db0mPs_cYak - Skipping video
ZAGqNVbc0Ww - Skipping video
wU4S09W47W8 - Skipping video
WG_-FU3NNgw - Skipping video
kHQS8PD2GFw - Subprocess ffmpeg to extract frames for id=kHQS8PD2GFw, writing frames to /misc/vlgscratch2/FergusGroup/sercu/frames/Lions/kHQS8PD2GFw
kHQS8PD2GFw - Finished extracting frames, start making overview.
kHQS8PD2GFw - Extracted 5390 frames, in 378 shots. Time from 6.4 to 2720.0 miliseconds.
kHQS8PD2GFw - Succesfully parsed ffmpeg log to shot info and pickled to /misc/vlgscratch2/FergusGroup/sercu/frames/Lions/kHQS8PD2GFw/info.pk
QRPzJNP_85c - Skipping video
r_VhmUCRIEk - Skipping video
TPXfIPFWbL0 - Skipping video
FjxcOjsEgWc - Skipping video
0BWD5I6YrIo - Subprocess ffmpeg to extract frames for id=0BWD5I6YrIo, writing frames to /misc/vlgscratch2/FergusGroup/sercu/frames/Lions/0BWD5I6YrIo
0BWD5I6YrIo - Finished extracting frames, start making overview.
0BWD5I6YrIo - Extracted 7540 frames, in 315 shots. Time from 29.3 to 3872.9 miliseconds.
0BWD5I6YrIo - Succesfully parsed ffmpeg log to shot info and pickled to /misc/vlgscratch2/FergusGroup/sercu/frames/Lions/0BWD5I6YrIo/info.pk
ZbLzW6fQUTk - Skipping video
VMh_lWvqsI8 - Skipping video
z5ISK5GDjsw - Skipping video
P9K30jIGX3M - Skipping video
zbQcsD8o0Vc - Skipping video
nvWMfFxoL_o - Skipping video
kbvNzF58idU - Subprocess ffmpeg to extract frames for id=kbvNzF58idU, writing frames to /misc/vlgscratch2/FergusGroup/sercu/frames/Lions/kbvNzF58idU
kbvNzF58idU - Finished extracting frames, start making overview.
kbvNzF58idU - Extracted 5298 frames, in 268 shots. Time from 5.4 to 2699.6 miliseconds.
kbvNzF58idU - Succesfully parsed ffmpeg log to shot info and pickled to /misc/vlgscratch2/FergusGroup/sercu/frames/Lions/kbvNzF58idU/info.pk
87fYZiV9-cM - Skipping video
MyLQeVXhkAY - Skipping video
N50Ftwt3iEM - Skipping video
HZIxCSZBO7s - Skipping video
XXxmu0LVFVQ - Subprocess ffmpeg to extract frames for id=XXxmu0LVFVQ, writing frames to /misc/vlgscratch2/FergusGroup/sercu/frames/Lions/XXxmu0LVFVQ
XXxmu0LVFVQ - Finished extracting frames, start making overview.
XXxmu0LVFVQ - Extracted 1149 frames, in 2 shots. Time from 3653.9 to 4228.1 miliseconds.
XXxmu0LVFVQ - Succesfully parsed ffmpeg log to shot info and pickled to /misc/vlgscratch2/FergusGroup/sercu/frames/Lions/XXxmu0LVFVQ/info.pk
VoOazatUpPg - Skipping video
1UCZSH_zmWI - Skipping video
AjyPpGmjSDc - Skipping video
SPJ0pxsU8-k - Skipping video
pludELxVLoY - Skipping video
nI-cmlwmdEo - Subprocess ffmpeg to extract frames for id=nI-cmlwmdEo, writing frames to /misc/vlgscratch2/FergusGroup/sercu/frames/Lions/nI-cmlwmdEo
nI-cmlwmdEo - Finished extracting frames, start making overview.
nI-cmlwmdEo - Extracted 4325 frames, in 191 shots. Time from 14.9 to 2215.9 miliseconds.
nI-cmlwmdEo - Succesfully parsed ffmpeg log to shot info and pickled to /misc/vlgscratch2/FergusGroup/sercu/frames/Lions/nI-cmlwmdEo/info.pk
4otUgh5k4dE - Skipping video
2X-eX-jcIsU - Skipping video
_dFW04y9B6c - Skipping video
odhqCKFIxzE - Skipping video
2LEa9wDxXBE - Subprocess ffmpeg to extract frames for id=2LEa9wDxXBE, writing frames to /misc/vlgscratch2/FergusGroup/sercu/frames/Lions/2LEa9wDxXBE
2LEa9wDxXBE - Finished extracting frames, start making overview.
2LEa9wDxXBE - Extracted 5392 frames, in 379 shots. Time from 6.4 to 2720.0 miliseconds.
2LEa9wDxXBE - Succesfully parsed ffmpeg log to shot info and pickled to /misc/vlgscratch2/FergusGroup/sercu/frames/Lions/2LEa9wDxXBE/info.pk
TE7MYWiQ-is - Skipping video
Dawi9f2J1Vc - Skipping video
ri1RU9WpD2c - Skipping video
HZ8ws3GxUY0 - Skipping video
r7RFxio3EtY - Subprocess ffmpeg to extract frames for id=r7RFxio3EtY, writing frames to /misc/vlgscratch2/FergusGroup/sercu/frames/Lions/r7RFxio3EtY
r7RFxio3EtY - Finished extracting frames, start making overview.
r7RFxio3EtY - Extracted 4324 frames, in 191 shots. Time from 14.9 to 2215.4 miliseconds.
r7RFxio3EtY - Succesfully parsed ffmpeg log to shot info and pickled to /misc/vlgscratch2/FergusGroup/sercu/frames/Lions/r7RFxio3EtY/info.pk
1DWKrU6lTL8 - Skipping video
21-g_p_DKTU - Skipping video
IGnY66w2NxI - Skipping video
xM9c3kTNPto - Skipping video
QPtCbEGAxKc - Skipping video
paSTsGimYZg - Subprocess ffmpeg to extract frames for id=paSTsGimYZg, writing frames to /misc/vlgscratch2/FergusGroup/sercu/frames/Lions/paSTsGimYZg
paSTsGimYZg - Finished extracting frames, start making overview.
paSTsGimYZg - Extracted 5336 frames, in 339 shots. Time from 4.4 to 2697.5 miliseconds.
paSTsGimYZg - Succesfully parsed ffmpeg log to shot info and pickled to /misc/vlgscratch2/FergusGroup/sercu/frames/Lions/paSTsGimYZg/info.pk
s6XPOvju1qw - Skipping video
Xe_WZb3wvM8 - Skipping video
dCeHQfCjgJM - Skipping video
xZ032UBRhPI - Skipping video
hyq6Mnzyz00 - Subprocess ffmpeg to extract frames for id=hyq6Mnzyz00, writing frames to /misc/vlgscratch2/FergusGroup/sercu/frames/Lions/hyq6Mnzyz00
hyq6Mnzyz00 - Finished extracting frames, start making overview.
hyq6Mnzyz00 - Extracted 6939 frames, in 418 shots. Time from 19.9 to 3529.1 miliseconds.
hyq6Mnzyz00 - Succesfully parsed ffmpeg log to shot info and pickled to /misc/vlgscratch2/FergusGroup/sercu/frames/Lions/hyq6Mnzyz00/info.pk
sowiQpn-izE - Skipping video
lyV_BvBaivA - Skipping video
wuT0gapT07E - Skipping video
0mimdvU6Hvk - Skipping video
B3YF_NFjn5E - Skipping video
7RKFqqwhtGs - Skipping video
co8NneR8ilc - Subprocess ffmpeg to extract frames for id=co8NneR8ilc, writing frames to /misc/vlgscratch2/FergusGroup/sercu/frames/Lions/co8NneR8ilc
co8NneR8ilc - Finished extracting frames, start making overview.
co8NneR8ilc - Extracted 2663 frames, in 141 shots. Time from 29.3 to 1328.9 miliseconds.
co8NneR8ilc - Succesfully parsed ffmpeg log to shot info and pickled to /misc/vlgscratch2/FergusGroup/sercu/frames/Lions/co8NneR8ilc/info.pk
JroDr5EvZA0 - Skipping video
ceFyF9px20Y - Subprocess ffmpeg to extract frames for id=ceFyF9px20Y, writing frames to /misc/vlgscratch2/FergusGroup/sercu/frames/Lions/ceFyF9px20Y
ceFyF9px20Y - Finished extracting frames, start making overview.
ceFyF9px20Y - Extracted 9809 frames, in 293 shots. Time from 333.0 to 5173.9 miliseconds.
ceFyF9px20Y - Succesfully parsed ffmpeg log to shot info and pickled to /misc/vlgscratch2/FergusGroup/sercu/frames/Lions/ceFyF9px20Y/info.pk
pQ3hmzf-8q0 - Skipping video
dEOl_e0NAEY - Skipping video
Entered directory /misc/vlgscratch2/FergusGroup/sercu/youtube/Giraffe with 57 videos
8BMfIWU1A5A - Skipping video
q0N8tbzfoUE - Skipping video
khaYeIpmePo - Skipping video
Q9QZdXZmuFA - Skipping video
C-4x4QpmtMs - Skipping video
iv966DMdZo8 - Skipping video
8cz3c5qmthI - Skipping video
NqmoHJLZDgc - Skipping video
eOQAV6JdNMU - Skipping video
RgosmzQ2a-g - Skipping video
HrOhhSQJhlc - Skipping video
s5mwo_kzMgw - Skipping video
MJsGK7e500A - Subprocess ffmpeg to extract frames for id=MJsGK7e500A, writing frames to /misc/vlgscratch2/FergusGroup/sercu/frames/Giraffe/MJsGK7e500A
MJsGK7e500A - Finished extracting frames, start making overview.
MJsGK7e500A - Extracted 4051 frames, in 229 shots. Time from 0.4 to 1977.7 miliseconds.
MJsGK7e500A - Succesfully parsed ffmpeg log to shot info and pickled to /misc/vlgscratch2/FergusGroup/sercu/frames/Giraffe/MJsGK7e500A/info.pk
TI4w1GbkYBs - Skipping video
tKuPe4RR67s - Skipping video
JyNYWJP5Ywg - Skipping video
bD-IHM1c6fM - Skipping video
P7dPkehJnoE - Skipping video
U7jmtsA6H94 - Subprocess ffmpeg to extract frames for id=U7jmtsA6H94, writing frames to /misc/vlgscratch2/FergusGroup/sercu/frames/Giraffe/U7jmtsA6H94
U7jmtsA6H94 - Finished extracting frames, start making overview.
U7jmtsA6H94 - Extracted 1549 frames, in 1 shots. Time from 426.8 to 1201.6 miliseconds.
U7jmtsA6H94 - Succesfully parsed ffmpeg log to shot info and pickled to /misc/vlgscratch2/FergusGroup/sercu/frames/Giraffe/U7jmtsA6H94/info.pk
UskUZoXrMHA - Skipping video
QhK3Mm-Twgs - Skipping video
j5AufwiSDz8 - Subprocess ffmpeg to extract frames for id=j5AufwiSDz8, writing frames to /misc/vlgscratch2/FergusGroup/sercu/frames/Giraffe/j5AufwiSDz8
j5AufwiSDz8 - Finished extracting frames, start making overview.
j5AufwiSDz8 - Extracted 2840 frames, in 395 shots. Time from 0.0 to 1379.7 miliseconds.
j5AufwiSDz8 - Succesfully parsed ffmpeg log to shot info and pickled to /misc/vlgscratch2/FergusGroup/sercu/frames/Giraffe/j5AufwiSDz8/info.pk
GrPE8voiQIw - Skipping video
ECsb40kYPYg - Skipping video
MijbhtJsZcU - Skipping video
1cTlT7mBZVQ - Subprocess ffmpeg to extract frames for id=1cTlT7mBZVQ, writing frames to /misc/vlgscratch2/FergusGroup/sercu/frames/Giraffe/1cTlT7mBZVQ
1cTlT7mBZVQ - Finished extracting frames, start making overview.
1cTlT7mBZVQ - Extracted 3052 frames, in 27 shots. Time from 2.9 to 1523.7 miliseconds.
1cTlT7mBZVQ - Succesfully parsed ffmpeg log to shot info and pickled to /misc/vlgscratch2/FergusGroup/sercu/frames/Giraffe/1cTlT7mBZVQ/info.pk
G0ta0sxHLBM - Skipping video
c3nHUnIDHuQ - Skipping video
fK6SeHyAbKU - Skipping video
v5ZHo5ZWbfg - Skipping video
xA5TRT1Sn3E - Subprocess ffmpeg to extract frames for id=xA5TRT1Sn3E, writing frames to /misc/vlgscratch2/FergusGroup/sercu/frames/Giraffe/xA5TRT1Sn3E
xA5TRT1Sn3E - Finished extracting frames, start making overview.
xA5TRT1Sn3E - Extracted 5607 frames, in 866 shots. Time from 0.6 to 2699.3 miliseconds.
xA5TRT1Sn3E - Succesfully parsed ffmpeg log to shot info and pickled to /misc/vlgscratch2/FergusGroup/sercu/frames/Giraffe/xA5TRT1Sn3E/info.pk
JWNVjSWJFb0 - Skipping video
me0d9YGbWAc - Skipping video
iywDHO1ZD6o - Skipping video
iDnF3g7SvxA - Skipping video
Erq51K9RAZg - Skipping video
q_po4vRQWto - Skipping video
UfQr5eSkKN0 - Subprocess ffmpeg to extract frames for id=UfQr5eSkKN0, writing frames to /misc/vlgscratch2/FergusGroup/sercu/frames/Giraffe/UfQr5eSkKN0
UfQr5eSkKN0 - Finished extracting frames, start making overview.
UfQr5eSkKN0 - Extracted 2860 frames, in 206 shots. Time from 1.1 to 1379.4 miliseconds.
UfQr5eSkKN0 - Succesfully parsed ffmpeg log to shot info and pickled to /misc/vlgscratch2/FergusGroup/sercu/frames/Giraffe/UfQr5eSkKN0/info.pk
XTwDjqyJS6s - Skipping video
1PCKscmuu4s - Skipping video
sio9TPR-NZQ - Skipping video
mORKCBHtSeg - Skipping video
UGRmecG_Xlk - Skipping video
i1c1FfrQqh0 - Skipping video
4rTauJs94pc - Subprocess ffmpeg to extract frames for id=4rTauJs94pc, writing frames to /misc/vlgscratch2/FergusGroup/sercu/frames/Giraffe/4rTauJs94pc
4rTauJs94pc - Finished extracting frames, start making overview.
4rTauJs94pc - Extracted 5516 frames, in 391 shots. Time from 3.4 to 2672.1 miliseconds.
4rTauJs94pc - Succesfully parsed ffmpeg log to shot info and pickled to /misc/vlgscratch2/FergusGroup/sercu/frames/Giraffe/4rTauJs94pc/info.pk
y20JYXMuWMc - Skipping video
5Xd58CpZSRM - Skipping video
w8-lZzV0Wck - Skipping video
2W3JMFjI7-I - Skipping video
BguzwECS1lo - Skipping video
CQ8ahXgJTv8 - Skipping video
U19b0yOTMiE - Skipping video
7yBuI4vmXQ0 - Skipping video
Hmfczlr6YVc - Skipping video
AhZxA5xex14 - Skipping video
kANRS0in5C8 - Subprocess ffmpeg to extract frames for id=kANRS0in5C8, writing frames to /misc/vlgscratch2/FergusGroup/sercu/frames/Giraffe/kANRS0in5C8
kANRS0in5C8 - Finished extracting frames, start making overview.
kANRS0in5C8 - Extracted 2661 frames, in 127 shots. Time from 15.6 to 1366.0 miliseconds.
kANRS0in5C8 - Succesfully parsed ffmpeg log to shot info and pickled to /misc/vlgscratch2/FergusGroup/sercu/frames/Giraffe/kANRS0in5C8/info.pk
yB8TOQDqurk - Skipping video
Entered directory /misc/vlgscratch2/FergusGroup/sercu/youtube/Bears_2_64 with 0 videos
Entered directory /misc/vlgscratch2/FergusGroup/sercu/youtube/Lions_2_64 with 0 videos
Entered directory /misc/vlgscratch2/FergusGroup/sercu/youtube/Giraffe_2_64 with 0 videos
Entered directory /misc/vlgscratch2/FergusGroup/sercu/youtube/Bears_8_32 with 0 videos
Make directory /misc/vlgscratch2/FergusGroup/sercu/frames/test
Entered directory /misc/vlgscratch2/FergusGroup/sercu/youtube/test with 1 videos
jF5eDmDPUDk - Subprocess ffmpeg to extract frames for id=jF5eDmDPUDk, writing frames to /misc/vlgscratch2/FergusGroup/sercu/frames/test/jF5eDmDPUDk
jF5eDmDPUDk - Finished extracting frames, start making overview.
jF5eDmDPUDk - Extracted 212 frames, in 25 shots. Time from 0.7 to 100.2 miliseconds.
jF5eDmDPUDk - Succesfully parsed ffmpeg log to shot info and pickled to /misc/vlgscratch2/FergusGroup/sercu/frames/test/jF5eDmDPUDk/info.pk
