Entered directory /misc/vlgscratch2/FergusGroup/sercu/youtube/Bears with 74 videos
wr4d2FfivA4 - Skipping video
fWeiauMNnEs - Skipping video
Rkx10rwbFC8 - Skipping video
twGFxc6XObs - Skipping video
qQbSUO6HGEQ - Skipping video
OxpEGHnEQMY - Skipping video
V4SmBrnD58Y - Skipping video
49-KW-rwYmQ - Skipping video
cSPw6MXS5IA - Skipping video
lD63JOjqTDg - Skipping video
txED4ByjtCU - Skipping video
pOBujrezJVE - Skipping video
d36MK94POaI - Skipping video
bb3epqISWnI - Skipping video
yx8kjJgt_AE - Skipping video
3KyNsMszBY4 - Skipping video
GaYA3sHfk5U - Skipping video
LsZaD92ZryY - Skipping video
PTlL2N5Iwh8 - Skipping video
S3bKmz4od3g - Skipping video
ovBispFEFfE - Skipping video
iBsggj9t7VM - Skipping video
ldcSQbeUOiE - Skipping video
S19JJGEMNnI - Skipping video
fTnjZ4doTOg - Skipping video
HBBJkp0q8sw - Skipping video
5xtxswjKp-w - Skipping video
DX2lUN_ywTg - Skipping video
_o69h-vZ1Pc - Skipping video
3-eOlbWXJCY - Skipping video
8PNQCfWEA2A - Skipping video
Ib9WOVlB6xA - Skipping video
WL4yk9CGhsw - Skipping video
WvbIN4eXcHY - Skipping video
Dk2jjpLlR-I - Skipping video
2Qx2qLTtaZE - Skipping video
3QdBGRejCHQ - Skipping video
5BCVzr_xJYM - Skipping video
sEMwsQ34vZ8 - Skipping video
qDx4XsJpG6A - Skipping video
4msUhLnQtn0 - Skipping video
kZUbJWMu_QA - Skipping video
Ij3R07qeS1I - Skipping video
WW7QVI2QQKI - Skipping video
hVbQZE1Ds9k - Skipping video
VjrhvQTBwVs - Skipping video
QCRoWnpI110 - Skipping video
EsdY_aStO24 - Skipping video
GUfPuZrwR28 - Skipping video
kr29mEzAgNk - Skipping video
9zEKU2VI-KU - Skipping video
82iXK6xzySc - Skipping video
p2M7c-nvgbo - Skipping video
TNK2QocFr0g - Skipping video
sa8jT-GrmDE - Skipping video
y6vwMLvmb4g - Skipping video
T6oXRpMQHfo - Subprocess ffmpeg to extract frames for id=T6oXRpMQHfo, writing frames to /misc/vlgscratch2/FergusGroup/sercu/frames/Bears/T6oXRpMQHfo
T6oXRpMQHfo - Finished extracting frames, start making overview.
T6oXRpMQHfo - Extracted 6883 frames, in 401 shots. Time from 28.8 to 3514.2 miliseconds.
T6oXRpMQHfo - Succesfully parsed ffmpeg log to shot info and pickled to /misc/vlgscratch2/FergusGroup/sercu/frames/Bears/T6oXRpMQHfo/info.pk
8VaefYfY1L0 - Skipping video
i_-PwiwAFNw - Skipping video
h4ViNumnAFw - Skipping video
ifSvkEQQH7U - Skipping video
HgUO0iUYuZg - Skipping video
wDL6rgNyO70 - Subprocess ffmpeg to extract frames for id=wDL6rgNyO70, writing frames to /misc/vlgscratch2/FergusGroup/sercu/frames/Bears/wDL6rgNyO70
wDL6rgNyO70 - Finished extracting frames, start making overview.
wDL6rgNyO70 - Extracted 2617 frames, in 9 shots. Time from 43.2 to 1350.5 miliseconds.
wDL6rgNyO70 - Succesfully parsed ffmpeg log to shot info and pickled to /misc/vlgscratch2/FergusGroup/sercu/frames/Bears/wDL6rgNyO70/info.pk
RpTzkF3zHUU - Skipping video
6yvbMRioy1U - Skipping video
-aS1_o0P1CU - Skipping video
JoMxBdj-o24 - Skipping video
fUOPxPnE5Bk - Subprocess ffmpeg to extract frames for id=fUOPxPnE5Bk, writing frames to /misc/vlgscratch2/FergusGroup/sercu/frames/Bears/fUOPxPnE5Bk
fUOPxPnE5Bk - Finished extracting frames, start making overview.
fUOPxPnE5Bk - Extracted 5803 frames, in 474 shots. Time from 17.9 to 2921.4 miliseconds.
fUOPxPnE5Bk - Succesfully parsed ffmpeg log to shot info and pickled to /misc/vlgscratch2/FergusGroup/sercu/frames/Bears/fUOPxPnE5Bk/info.pk
00jjvJAN8Dk - Skipping video
eDw0E1f5uQY - Skipping video
d6yZj3YAiYI - Skipping video
ErC1Vf6Px48 - Skipping video
FWMZFAfojfA - Skipping video
R78ZWASaFoU - Skipping video
Make directory /misc/vlgscratch2/FergusGroup/sercu/frames/Lions
Entered directory /misc/vlgscratch2/FergusGroup/sercu/youtube/Lions with 77 videos
ini_S6FK8DY - Subprocess ffmpeg to extract frames for id=ini_S6FK8DY, writing frames to /misc/vlgscratch2/FergusGroup/sercu/frames/Lions/ini_S6FK8DY
ini_S6FK8DY - Finished extracting frames, start making overview.
ini_S6FK8DY - Extracted 7539 frames, in 296 shots. Time from 2.8 to 3847.8 miliseconds.
ini_S6FK8DY - Succesfully parsed ffmpeg log to shot info and pickled to /misc/vlgscratch2/FergusGroup/sercu/frames/Lions/ini_S6FK8DY/info.pk
K3LevjGEbZw - Skipping video
3EBy69dRr04 - Skipping video
EU8TEiP3TnY - Skipping video
Yg2oEHQq-48 - Skipping video
5h31Hmq8hQg - Skipping video
q-QFfm4aRAc - Subprocess ffmpeg to extract frames for id=q-QFfm4aRAc, writing frames to /misc/vlgscratch2/FergusGroup/sercu/frames/Lions/q-QFfm4aRAc
q-QFfm4aRAc - Finished extracting frames, start making overview.
q-QFfm4aRAc - Extracted 5353 frames, in 434 shots. Time from 2.6 to 2684.8 miliseconds.
q-QFfm4aRAc - Succesfully parsed ffmpeg log to shot info and pickled to /misc/vlgscratch2/FergusGroup/sercu/frames/Lions/q-QFfm4aRAc/info.pk
TCDv-mNJT7s - Skipping video
ZKZ8_JTUn7g - Skipping video
9dJv5TYmDeQ - Skipping video
gaU85YiBSzc - Skipping video
aa1mob1wcLs - Subprocess ffmpeg to extract frames for id=aa1mob1wcLs, writing frames to /misc/vlgscratch2/FergusGroup/sercu/frames/Lions/aa1mob1wcLs
aa1mob1wcLs - Finished extracting frames, start making overview.
aa1mob1wcLs - Extracted 6241 frames, in 413 shots. Time from 2.8 to 3017.5 miliseconds.
aa1mob1wcLs - Succesfully parsed ffmpeg log to shot info and pickled to /misc/vlgscratch2/FergusGroup/sercu/frames/Lions/aa1mob1wcLs/info.pk
TJDE6A58BYc - Skipping video
ZhvVlFg9Yj8 - Skipping video
fW6Fx4-MWzM - Skipping video
OJtGmCPVDwQ - Skipping video
zgLVJw9Umbs - Subprocess ffmpeg to extract frames for id=zgLVJw9Umbs, writing frames to /misc/vlgscratch2/FergusGroup/sercu/frames/Lions/zgLVJw9Umbs
zgLVJw9Umbs - Finished extracting frames, start making overview.
zgLVJw9Umbs - Extracted 5298 frames, in 268 shots. Time from 5.4 to 2699.6 miliseconds.
zgLVJw9Umbs - Succesfully parsed ffmpeg log to shot info and pickled to /misc/vlgscratch2/FergusGroup/sercu/frames/Lions/zgLVJw9Umbs/info.pk
Db0mPs_cYak - Skipping video
ZAGqNVbc0Ww - Skipping video
wU4S09W47W8 - Skipping video
WG_-FU3NNgw - Skipping video
kHQS8PD2GFw - Skipping video
QRPzJNP_85c - Subprocess ffmpeg to extract frames for id=QRPzJNP_85c, writing frames to /misc/vlgscratch2/FergusGroup/sercu/frames/Lions/QRPzJNP_85c
QRPzJNP_85c - Finished extracting frames, start making overview.
QRPzJNP_85c - Extracted 5390 frames, in 378 shots. Time from 6.4 to 2720.0 miliseconds.
QRPzJNP_85c - Succesfully parsed ffmpeg log to shot info and pickled to /misc/vlgscratch2/FergusGroup/sercu/frames/Lions/QRPzJNP_85c/info.pk
r_VhmUCRIEk - Skipping video
TPXfIPFWbL0 - Skipping video
FjxcOjsEgWc - Skipping video
0BWD5I6YrIo - Skipping video
ZbLzW6fQUTk - Subprocess ffmpeg to extract frames for id=ZbLzW6fQUTk, writing frames to /misc/vlgscratch2/FergusGroup/sercu/frames/Lions/ZbLzW6fQUTk
ZbLzW6fQUTk - Finished extracting frames, start making overview.
ZbLzW6fQUTk - Extracted 6040 frames, in 303 shots. Time from 2.9 to 2953.4 miliseconds.
ZbLzW6fQUTk - Succesfully parsed ffmpeg log to shot info and pickled to /misc/vlgscratch2/FergusGroup/sercu/frames/Lions/ZbLzW6fQUTk/info.pk
VMh_lWvqsI8 - Skipping video
z5ISK5GDjsw - Skipping video
P9K30jIGX3M - Skipping video
zbQcsD8o0Vc - Skipping video
nvWMfFxoL_o - Subprocess ffmpeg to extract frames for id=nvWMfFxoL_o, writing frames to /misc/vlgscratch2/FergusGroup/sercu/frames/Lions/nvWMfFxoL_o
nvWMfFxoL_o - Finished extracting frames, start making overview.
nvWMfFxoL_o - Extracted 6883 frames, in 402 shots. Time from 28.8 to 3514.2 miliseconds.
nvWMfFxoL_o - Succesfully parsed ffmpeg log to shot info and pickled to /misc/vlgscratch2/FergusGroup/sercu/frames/Lions/nvWMfFxoL_o/info.pk
kbvNzF58idU - Skipping video
87fYZiV9-cM - Skipping video
MyLQeVXhkAY - Skipping video
N50Ftwt3iEM - Skipping video
HZIxCSZBO7s - Skipping video
XXxmu0LVFVQ - Skipping video
VoOazatUpPg - Subprocess ffmpeg to extract frames for id=VoOazatUpPg, writing frames to /misc/vlgscratch2/FergusGroup/sercu/frames/Lions/VoOazatUpPg
VoOazatUpPg - Finished extracting frames, start making overview.
VoOazatUpPg - Extracted 5655 frames, in 476 shots. Time from 4.9 to 2818.9 miliseconds.
VoOazatUpPg - Succesfully parsed ffmpeg log to shot info and pickled to /misc/vlgscratch2/FergusGroup/sercu/frames/Lions/VoOazatUpPg/info.pk
1UCZSH_zmWI - Skipping video
AjyPpGmjSDc - Skipping video
SPJ0pxsU8-k - Skipping video
pludELxVLoY - Skipping video
nI-cmlwmdEo - Skipping video
4otUgh5k4dE - Subprocess ffmpeg to extract frames for id=4otUgh5k4dE, writing frames to /misc/vlgscratch2/FergusGroup/sercu/frames/Lions/4otUgh5k4dE
4otUgh5k4dE - Finished extracting frames, start making overview.
4otUgh5k4dE - Extracted 5392 frames, in 379 shots. Time from 6.4 to 2720.0 miliseconds.
4otUgh5k4dE - Succesfully parsed ffmpeg log to shot info and pickled to /misc/vlgscratch2/FergusGroup/sercu/frames/Lions/4otUgh5k4dE/info.pk
2X-eX-jcIsU - Skipping video
_dFW04y9B6c - Skipping video
odhqCKFIxzE - Skipping video
2LEa9wDxXBE - Skipping video
TE7MYWiQ-is - Skipping video
Dawi9f2J1Vc - Subprocess ffmpeg to extract frames for id=Dawi9f2J1Vc, writing frames to /misc/vlgscratch2/FergusGroup/sercu/frames/Lions/Dawi9f2J1Vc
Dawi9f2J1Vc - Finished extracting frames, start making overview.
Dawi9f2J1Vc - Extracted 6044 frames, in 320 shots. Time from 0.9 to 2951.4 miliseconds.
Dawi9f2J1Vc - Succesfully parsed ffmpeg log to shot info and pickled to /misc/vlgscratch2/FergusGroup/sercu/frames/Lions/Dawi9f2J1Vc/info.pk
ri1RU9WpD2c - Skipping video
HZ8ws3GxUY0 - Skipping video
r7RFxio3EtY - Skipping video
1DWKrU6lTL8 - Skipping video
21-g_p_DKTU - Skipping video
IGnY66w2NxI - Skipping video
xM9c3kTNPto - Subprocess ffmpeg to extract frames for id=xM9c3kTNPto, writing frames to /misc/vlgscratch2/FergusGroup/sercu/frames/Lions/xM9c3kTNPto
xM9c3kTNPto - Finished extracting frames, start making overview.
xM9c3kTNPto - Extracted 5283 frames, in 275 shots. Time from 0.0 to 2684.7 miliseconds.
xM9c3kTNPto - Succesfully parsed ffmpeg log to shot info and pickled to /misc/vlgscratch2/FergusGroup/sercu/frames/Lions/xM9c3kTNPto/info.pk
QPtCbEGAxKc - Skipping video
paSTsGimYZg - Skipping video
s6XPOvju1qw - Skipping video
Xe_WZb3wvM8 - Skipping video
dCeHQfCjgJM - Subprocess ffmpeg to extract frames for id=dCeHQfCjgJM, writing frames to /misc/vlgscratch2/FergusGroup/sercu/frames/Lions/dCeHQfCjgJM
dCeHQfCjgJM - Finished extracting frames, start making overview.
dCeHQfCjgJM - Extracted 6959 frames, in 460 shots. Time from 17.5 to 3525.4 miliseconds.
dCeHQfCjgJM - Succesfully parsed ffmpeg log to shot info and pickled to /misc/vlgscratch2/FergusGroup/sercu/frames/Lions/dCeHQfCjgJM/info.pk
xZ032UBRhPI - Skipping video
hyq6Mnzyz00 - Skipping video
sowiQpn-izE - Skipping video
lyV_BvBaivA - Skipping video
wuT0gapT07E - Skipping video
0mimdvU6Hvk - Skipping video
B3YF_NFjn5E - Subprocess ffmpeg to extract frames for id=B3YF_NFjn5E, writing frames to /misc/vlgscratch2/FergusGroup/sercu/frames/Lions/B3YF_NFjn5E
B3YF_NFjn5E - Finished extracting frames, start making overview.
B3YF_NFjn5E - Extracted 6044 frames, in 319 shots. Time from 0.9 to 2951.4 miliseconds.
B3YF_NFjn5E - Succesfully parsed ffmpeg log to shot info and pickled to /misc/vlgscratch2/FergusGroup/sercu/frames/Lions/B3YF_NFjn5E/info.pk
7RKFqqwhtGs - Skipping video
co8NneR8ilc - Skipping video
JroDr5EvZA0 - Skipping video
ceFyF9px20Y - Skipping video
pQ3hmzf-8q0 - Skipping video
dEOl_e0NAEY - Skipping video
Entered directory /misc/vlgscratch2/FergusGroup/sercu/youtube/Giraffe with 57 videos
8BMfIWU1A5A - Skipping video
q0N8tbzfoUE - Subprocess ffmpeg to extract frames for id=q0N8tbzfoUE, writing frames to /misc/vlgscratch2/FergusGroup/sercu/frames/Giraffe/q0N8tbzfoUE
q0N8tbzfoUE - Finished extracting frames, start making overview.
q0N8tbzfoUE - Extracted 2265 frames, in 8 shots. Time from 655.4 to 1786.0 miliseconds.
q0N8tbzfoUE - Succesfully parsed ffmpeg log to shot info and pickled to /misc/vlgscratch2/FergusGroup/sercu/frames/Giraffe/q0N8tbzfoUE/info.pk
khaYeIpmePo - Skipping video
Q9QZdXZmuFA - Skipping video
C-4x4QpmtMs - Subprocess ffmpeg to extract frames for id=C-4x4QpmtMs, writing frames to /misc/vlgscratch2/FergusGroup/sercu/frames/Giraffe/C-4x4QpmtMs
C-4x4QpmtMs - Finished extracting frames, start making overview.
C-4x4QpmtMs - Extracted 4631 frames, in 21 shots. Time from 142.2 to 2545.5 miliseconds.
C-4x4QpmtMs - Succesfully parsed ffmpeg log to shot info and pickled to /misc/vlgscratch2/FergusGroup/sercu/frames/Giraffe/C-4x4QpmtMs/info.pk
iv966DMdZo8 - Skipping video
8cz3c5qmthI - Skipping video
NqmoHJLZDgc - Skipping video
eOQAV6JdNMU - Skipping video
RgosmzQ2a-g - Skipping video
HrOhhSQJhlc - Subprocess ffmpeg to extract frames for id=HrOhhSQJhlc, writing frames to /misc/vlgscratch2/FergusGroup/sercu/frames/Giraffe/HrOhhSQJhlc
HrOhhSQJhlc - Finished extracting frames, start making overview.
HrOhhSQJhlc - Extracted 2548 frames, in 48 shots. Time from 10.0 to 1274.1 miliseconds.
HrOhhSQJhlc - Succesfully parsed ffmpeg log to shot info and pickled to /misc/vlgscratch2/FergusGroup/sercu/frames/Giraffe/HrOhhSQJhlc/info.pk
s5mwo_kzMgw - Skipping video
MJsGK7e500A - Skipping video
TI4w1GbkYBs - Skipping video
tKuPe4RR67s - Subprocess ffmpeg to extract frames for id=tKuPe4RR67s, writing frames to /misc/vlgscratch2/FergusGroup/sercu/frames/Giraffe/tKuPe4RR67s
tKuPe4RR67s - Finished extracting frames, start making overview.
tKuPe4RR67s - Extracted 3097 frames, in 64 shots. Time from 184.5 to 1717.6 miliseconds.
tKuPe4RR67s - Succesfully parsed ffmpeg log to shot info and pickled to /misc/vlgscratch2/FergusGroup/sercu/frames/Giraffe/tKuPe4RR67s/info.pk
JyNYWJP5Ywg - Skipping video
bD-IHM1c6fM - Skipping video
P7dPkehJnoE - Skipping video
U7jmtsA6H94 - Skipping video
UskUZoXrMHA - Skipping video
QhK3Mm-Twgs - Subprocess ffmpeg to extract frames for id=QhK3Mm-Twgs, writing frames to /misc/vlgscratch2/FergusGroup/sercu/frames/Giraffe/QhK3Mm-Twgs
QhK3Mm-Twgs - Finished extracting frames, start making overview.
QhK3Mm-Twgs - Extracted 7189 frames, in 10 shots. Time from 4.8 to 3740.6 miliseconds.
QhK3Mm-Twgs - Succesfully parsed ffmpeg log to shot info and pickled to /misc/vlgscratch2/FergusGroup/sercu/frames/Giraffe/QhK3Mm-Twgs/info.pk
j5AufwiSDz8 - Skipping video
GrPE8voiQIw - Skipping video
ECsb40kYPYg - Skipping video
MijbhtJsZcU - Skipping video
1cTlT7mBZVQ - Skipping video
G0ta0sxHLBM - Skipping video
c3nHUnIDHuQ - Skipping video
fK6SeHyAbKU - Skipping video
v5ZHo5ZWbfg - Skipping video
xA5TRT1Sn3E - Skipping video
JWNVjSWJFb0 - Subprocess ffmpeg to extract frames for id=JWNVjSWJFb0, writing frames to /misc/vlgscratch2/FergusGroup/sercu/frames/Giraffe/JWNVjSWJFb0
JWNVjSWJFb0 - Finished extracting frames, start making overview.
JWNVjSWJFb0 - Extracted 2547 frames, in 48 shots. Time from 12.1 to 1284.9 miliseconds.
JWNVjSWJFb0 - Succesfully parsed ffmpeg log to shot info and pickled to /misc/vlgscratch2/FergusGroup/sercu/frames/Giraffe/JWNVjSWJFb0/info.pk
me0d9YGbWAc - Skipping video
iywDHO1ZD6o - Skipping video
iDnF3g7SvxA - Skipping video
Erq51K9RAZg - Subprocess ffmpeg to extract frames for id=Erq51K9RAZg, writing frames to /misc/vlgscratch2/FergusGroup/sercu/frames/Giraffe/Erq51K9RAZg
Erq51K9RAZg - Finished extracting frames, start making overview.
Erq51K9RAZg - Extracted 4055 frames, in 147 shots. Time from 78.4 to 2072.8 miliseconds.
Erq51K9RAZg - Succesfully parsed ffmpeg log to shot info and pickled to /misc/vlgscratch2/FergusGroup/sercu/frames/Giraffe/Erq51K9RAZg/info.pk
q_po4vRQWto - Skipping video
UfQr5eSkKN0 - Skipping video
XTwDjqyJS6s - Skipping video
1PCKscmuu4s - Skipping video
sio9TPR-NZQ - Subprocess ffmpeg to extract frames for id=sio9TPR-NZQ, writing frames to /misc/vlgscratch2/FergusGroup/sercu/frames/Giraffe/sio9TPR-NZQ
sio9TPR-NZQ - Finished extracting frames, start making overview.
sio9TPR-NZQ - Extracted 5523 frames, in 759 shots. Time from 7.6 to 2704.1 miliseconds.
sio9TPR-NZQ - Succesfully parsed ffmpeg log to shot info and pickled to /misc/vlgscratch2/FergusGroup/sercu/frames/Giraffe/sio9TPR-NZQ/info.pk
mORKCBHtSeg - Skipping video
UGRmecG_Xlk - Skipping video
i1c1FfrQqh0 - Skipping video
4rTauJs94pc - Skipping video
y20JYXMuWMc - Skipping video
5Xd58CpZSRM - Skipping video
w8-lZzV0Wck - Skipping video
2W3JMFjI7-I - Subprocess ffmpeg to extract frames for id=2W3JMFjI7-I, writing frames to /misc/vlgscratch2/FergusGroup/sercu/frames/Giraffe/2W3JMFjI7-I
2W3JMFjI7-I - Finished extracting frames, start making overview.
2W3JMFjI7-I - Extracted 3655 frames, in 9 shots. Time from 63.2 to 1961.5 miliseconds.
2W3JMFjI7-I - Succesfully parsed ffmpeg log to shot info and pickled to /misc/vlgscratch2/FergusGroup/sercu/frames/Giraffe/2W3JMFjI7-I/info.pk
BguzwECS1lo - Skipping video
CQ8ahXgJTv8 - Subprocess ffmpeg to extract frames for id=CQ8ahXgJTv8, writing frames to /misc/vlgscratch2/FergusGroup/sercu/frames/Giraffe/CQ8ahXgJTv8
CQ8ahXgJTv8 - Finished extracting frames, start making overview.
CQ8ahXgJTv8 - Extracted 2430 frames, in 112 shots. Time from 14.1 to 1248.8 miliseconds.
CQ8ahXgJTv8 - Succesfully parsed ffmpeg log to shot info and pickled to /misc/vlgscratch2/FergusGroup/sercu/frames/Giraffe/CQ8ahXgJTv8/info.pk
U19b0yOTMiE - Skipping video
7yBuI4vmXQ0 - Skipping video
Hmfczlr6YVc - Skipping video
AhZxA5xex14 - Subprocess ffmpeg to extract frames for id=AhZxA5xex14, writing frames to /misc/vlgscratch2/FergusGroup/sercu/frames/Giraffe/AhZxA5xex14
AhZxA5xex14 - Finished extracting frames, start making overview.
AhZxA5xex14 - Extracted 2815 frames, in 94 shots. Time from 11.1 to 1397.2 miliseconds.
AhZxA5xex14 - Succesfully parsed ffmpeg log to shot info and pickled to /misc/vlgscratch2/FergusGroup/sercu/frames/Giraffe/AhZxA5xex14/info.pk
kANRS0in5C8 - Skipping video
yB8TOQDqurk - Skipping video
Entered directory /misc/vlgscratch2/FergusGroup/sercu/youtube/Bears_2_64 with 0 videos
Entered directory /misc/vlgscratch2/FergusGroup/sercu/youtube/Lions_2_64 with 0 videos
Entered directory /misc/vlgscratch2/FergusGroup/sercu/youtube/Giraffe_2_64 with 0 videos
Entered directory /misc/vlgscratch2/FergusGroup/sercu/youtube/Bears_8_32 with 0 videos
Entered directory /misc/vlgscratch2/FergusGroup/sercu/youtube/test with 1 videos
jF5eDmDPUDk - Skipping video
