Entered directory /misc/vlgscratch2/FergusGroup/sercu/youtube/Bears with 74 videos
wr4d2FfivA4 - Skipping video
fWeiauMNnEs - Skipping video
Rkx10rwbFC8 - Skipping video
twGFxc6XObs - Skipping video
qQbSUO6HGEQ - Skipping video
OxpEGHnEQMY - Skipping video
V4SmBrnD58Y - Skipping video
49-KW-rwYmQ - Skipping video
cSPw6MXS5IA - Skipping video
lD63JOjqTDg - Skipping video
txED4ByjtCU - Skipping video
pOBujrezJVE - Skipping video
d36MK94POaI - Skipping video
bb3epqISWnI - Skipping video
yx8kjJgt_AE - Skipping video
3KyNsMszBY4 - Skipping video
GaYA3sHfk5U - Skipping video
LsZaD92ZryY - Skipping video
PTlL2N5Iwh8 - Skipping video
S3bKmz4od3g - Skipping video
ovBispFEFfE - Skipping video
iBsggj9t7VM - Skipping video
ldcSQbeUOiE - Skipping video
S19JJGEMNnI - Skipping video
fTnjZ4doTOg - Skipping video
HBBJkp0q8sw - Skipping video
5xtxswjKp-w - Skipping video
DX2lUN_ywTg - Skipping video
_o69h-vZ1Pc - Skipping video
3-eOlbWXJCY - Skipping video
8PNQCfWEA2A - Skipping video
Ib9WOVlB6xA - Skipping video
WL4yk9CGhsw - Skipping video
WvbIN4eXcHY - Skipping video
Dk2jjpLlR-I - Skipping video
2Qx2qLTtaZE - Skipping video
3QdBGRejCHQ - Skipping video
5BCVzr_xJYM - Skipping video
sEMwsQ34vZ8 - Skipping video
qDx4XsJpG6A - Skipping video
4msUhLnQtn0 - Skipping video
kZUbJWMu_QA - Skipping video
Ij3R07qeS1I - Skipping video
WW7QVI2QQKI - Skipping video
hVbQZE1Ds9k - Skipping video
VjrhvQTBwVs - Skipping video
QCRoWnpI110 - Skipping video
EsdY_aStO24 - Skipping video
GUfPuZrwR28 - Skipping video
kr29mEzAgNk - Skipping video
9zEKU2VI-KU - Skipping video
82iXK6xzySc - Skipping video
p2M7c-nvgbo - Skipping video
TNK2QocFr0g - Skipping video
sa8jT-GrmDE - Subprocess ffmpeg to extract frames for id=sa8jT-GrmDE, writing frames to /misc/vlgscratch2/FergusGroup/sercu/frames/Bears/sa8jT-GrmDE
sa8jT-GrmDE - Finished extracting frames, start making overview.
sa8jT-GrmDE - Extracted 3344 frames, in 382 shots. Time from 7.9 to 1591.7 miliseconds.
sa8jT-GrmDE - Succesfully parsed ffmpeg log to shot info and pickled to /misc/vlgscratch2/FergusGroup/sercu/frames/Bears/sa8jT-GrmDE/info.pk
y6vwMLvmb4g - Skipping video
T6oXRpMQHfo - Skipping video
8VaefYfY1L0 - Skipping video
i_-PwiwAFNw - Skipping video
h4ViNumnAFw - Skipping video
ifSvkEQQH7U - Skipping video
HgUO0iUYuZg - Subprocess ffmpeg to extract frames for id=HgUO0iUYuZg, writing frames to /misc/vlgscratch2/FergusGroup/sercu/frames/Bears/HgUO0iUYuZg
HgUO0iUYuZg - Finished extracting frames, start making overview.
HgUO0iUYuZg - Extracted 7287 frames, in 484 shots. Time from 4.2 to 3530.9 miliseconds.
HgUO0iUYuZg - Succesfully parsed ffmpeg log to shot info and pickled to /misc/vlgscratch2/FergusGroup/sercu/frames/Bears/HgUO0iUYuZg/info.pk
wDL6rgNyO70 - Skipping video
RpTzkF3zHUU - Skipping video
6yvbMRioy1U - Skipping video
-aS1_o0P1CU - Skipping video
JoMxBdj-o24 - Skipping video
fUOPxPnE5Bk - Skipping video
00jjvJAN8Dk - Subprocess ffmpeg to extract frames for id=00jjvJAN8Dk, writing frames to /misc/vlgscratch2/FergusGroup/sercu/frames/Bears/00jjvJAN8Dk
00jjvJAN8Dk - Finished extracting frames, start making overview.
00jjvJAN8Dk - Extracted 2683 frames, in 5 shots. Time from 46.2 to 1387.5 miliseconds.
00jjvJAN8Dk - Succesfully parsed ffmpeg log to shot info and pickled to /misc/vlgscratch2/FergusGroup/sercu/frames/Bears/00jjvJAN8Dk/info.pk
eDw0E1f5uQY - Skipping video
d6yZj3YAiYI - Subprocess ffmpeg to extract frames for id=d6yZj3YAiYI, writing frames to /misc/vlgscratch2/FergusGroup/sercu/frames/Bears/d6yZj3YAiYI
d6yZj3YAiYI - Finished extracting frames, start making overview.
d6yZj3YAiYI - Extracted 6841 frames, in 427 shots. Time from 34.5 to 3485.1 miliseconds.
d6yZj3YAiYI - Succesfully parsed ffmpeg log to shot info and pickled to /misc/vlgscratch2/FergusGroup/sercu/frames/Bears/d6yZj3YAiYI/info.pk
ErC1Vf6Px48 - Skipping video
FWMZFAfojfA - Skipping video
R78ZWASaFoU - Skipping video
Entered directory /misc/vlgscratch2/FergusGroup/sercu/youtube/Lions with 77 videos
ini_S6FK8DY - Skipping video
K3LevjGEbZw - Skipping video
3EBy69dRr04 - Skipping video
EU8TEiP3TnY - Subprocess ffmpeg to extract frames for id=EU8TEiP3TnY, writing frames to /misc/vlgscratch2/FergusGroup/sercu/frames/Lions/EU8TEiP3TnY
EU8TEiP3TnY - Finished extracting frames, start making overview.
EU8TEiP3TnY - Extracted 6040 frames, in 303 shots. Time from 2.9 to 2953.4 miliseconds.
EU8TEiP3TnY - Succesfully parsed ffmpeg log to shot info and pickled to /misc/vlgscratch2/FergusGroup/sercu/frames/Lions/EU8TEiP3TnY/info.pk
Yg2oEHQq-48 - Skipping video
5h31Hmq8hQg - Skipping video
q-QFfm4aRAc - Skipping video
TCDv-mNJT7s - Skipping video
ZKZ8_JTUn7g - Skipping video
9dJv5TYmDeQ - Skipping video
gaU85YiBSzc - Subprocess ffmpeg to extract frames for id=gaU85YiBSzc, writing frames to /misc/vlgscratch2/FergusGroup/sercu/frames/Lions/gaU85YiBSzc
gaU85YiBSzc - Finished extracting frames, start making overview.
gaU85YiBSzc - Extracted 7540 frames, in 296 shots. Time from 2.8 to 3847.8 miliseconds.
gaU85YiBSzc - Succesfully parsed ffmpeg log to shot info and pickled to /misc/vlgscratch2/FergusGroup/sercu/frames/Lions/gaU85YiBSzc/info.pk
aa1mob1wcLs - Skipping video
TJDE6A58BYc - Skipping video
ZhvVlFg9Yj8 - Skipping video
fW6Fx4-MWzM - Skipping video
OJtGmCPVDwQ - Skipping video
zgLVJw9Umbs - Skipping video
Db0mPs_cYak - Subprocess ffmpeg to extract frames for id=Db0mPs_cYak, writing frames to /misc/vlgscratch2/FergusGroup/sercu/frames/Lions/Db0mPs_cYak
Db0mPs_cYak - Finished extracting frames, start making overview.
Db0mPs_cYak - Extracted 12090 frames, in 638 shots. Time from 0.9 to 5903.1 miliseconds.
Db0mPs_cYak - Succesfully parsed ffmpeg log to shot info and pickled to /misc/vlgscratch2/FergusGroup/sercu/frames/Lions/Db0mPs_cYak/info.pk
ZAGqNVbc0Ww - Skipping video
wU4S09W47W8 - Skipping video
WG_-FU3NNgw - Skipping video
kHQS8PD2GFw - Skipping video
QRPzJNP_85c - Skipping video
r_VhmUCRIEk - Skipping video
TPXfIPFWbL0 - Skipping video
FjxcOjsEgWc - Skipping video
0BWD5I6YrIo - Skipping video
ZbLzW6fQUTk - Skipping video
VMh_lWvqsI8 - Skipping video
z5ISK5GDjsw - Skipping video
P9K30jIGX3M - Subprocess ffmpeg to extract frames for id=P9K30jIGX3M, writing frames to /misc/vlgscratch2/FergusGroup/sercu/frames/Lions/P9K30jIGX3M
P9K30jIGX3M - Finished extracting frames, start making overview.
P9K30jIGX3M - Extracted 6043 frames, in 318 shots. Time from 0.9 to 2951.4 miliseconds.
P9K30jIGX3M - Succesfully parsed ffmpeg log to shot info and pickled to /misc/vlgscratch2/FergusGroup/sercu/frames/Lions/P9K30jIGX3M/info.pk
zbQcsD8o0Vc - Skipping video
nvWMfFxoL_o - Skipping video
kbvNzF58idU - Skipping video
87fYZiV9-cM - Skipping video
MyLQeVXhkAY - Skipping video
N50Ftwt3iEM - Skipping video
HZIxCSZBO7s - Subprocess ffmpeg to extract frames for id=HZIxCSZBO7s, writing frames to /misc/vlgscratch2/FergusGroup/sercu/frames/Lions/HZIxCSZBO7s
HZIxCSZBO7s - Finished extracting frames, start making overview.
HZIxCSZBO7s - Extracted 6043 frames, in 318 shots. Time from 0.9 to 2951.4 miliseconds.
HZIxCSZBO7s - Succesfully parsed ffmpeg log to shot info and pickled to /misc/vlgscratch2/FergusGroup/sercu/frames/Lions/HZIxCSZBO7s/info.pk
XXxmu0LVFVQ - Skipping video
VoOazatUpPg - Skipping video
1UCZSH_zmWI - Skipping video
AjyPpGmjSDc - Skipping video
SPJ0pxsU8-k - Subprocess ffmpeg to extract frames for id=SPJ0pxsU8-k, writing frames to /misc/vlgscratch2/FergusGroup/sercu/frames/Lions/SPJ0pxsU8-k
SPJ0pxsU8-k - Finished extracting frames, start making overview.
SPJ0pxsU8-k - Extracted 6163 frames, in 487 shots. Time from 34.6 to 3123.7 miliseconds.
SPJ0pxsU8-k - Succesfully parsed ffmpeg log to shot info and pickled to /misc/vlgscratch2/FergusGroup/sercu/frames/Lions/SPJ0pxsU8-k/info.pk
pludELxVLoY - Skipping video
nI-cmlwmdEo - Skipping video
4otUgh5k4dE - Skipping video
2X-eX-jcIsU - Skipping video
_dFW04y9B6c - Skipping video
odhqCKFIxzE - Subprocess ffmpeg to extract frames for id=odhqCKFIxzE, writing frames to /misc/vlgscratch2/FergusGroup/sercu/frames/Lions/odhqCKFIxzE
odhqCKFIxzE - Finished extracting frames, start making overview.
odhqCKFIxzE - Extracted 5697 frames, in 610 shots. Time from 2.9 to 2701.0 miliseconds.
odhqCKFIxzE - Succesfully parsed ffmpeg log to shot info and pickled to /misc/vlgscratch2/FergusGroup/sercu/frames/Lions/odhqCKFIxzE/info.pk
2LEa9wDxXBE - Skipping video
TE7MYWiQ-is - Skipping video
Dawi9f2J1Vc - Skipping video
ri1RU9WpD2c - Skipping video
HZ8ws3GxUY0 - Skipping video
r7RFxio3EtY - Skipping video
1DWKrU6lTL8 - Subprocess ffmpeg to extract frames for id=1DWKrU6lTL8, writing frames to /misc/vlgscratch2/FergusGroup/sercu/frames/Lions/1DWKrU6lTL8
1DWKrU6lTL8 - Finished extracting frames, start making overview.
1DWKrU6lTL8 - Extracted 6043 frames, in 318 shots. Time from 0.9 to 2951.4 miliseconds.
1DWKrU6lTL8 - Succesfully parsed ffmpeg log to shot info and pickled to /misc/vlgscratch2/FergusGroup/sercu/frames/Lions/1DWKrU6lTL8/info.pk
21-g_p_DKTU - Skipping video
IGnY66w2NxI - Skipping video
xM9c3kTNPto - Skipping video
QPtCbEGAxKc - Skipping video
paSTsGimYZg - Skipping video
s6XPOvju1qw - Subprocess ffmpeg to extract frames for id=s6XPOvju1qw, writing frames to /misc/vlgscratch2/FergusGroup/sercu/frames/Lions/s6XPOvju1qw
s6XPOvju1qw - Finished extracting frames, start making overview.
s6XPOvju1qw - Extracted 6959 frames, in 460 shots. Time from 17.5 to 3525.4 miliseconds.
s6XPOvju1qw - Succesfully parsed ffmpeg log to shot info and pickled to /misc/vlgscratch2/FergusGroup/sercu/frames/Lions/s6XPOvju1qw/info.pk
Xe_WZb3wvM8 - Skipping video
dCeHQfCjgJM - Skipping video
xZ032UBRhPI - Skipping video
hyq6Mnzyz00 - Skipping video
sowiQpn-izE - Skipping video
lyV_BvBaivA - Skipping video
wuT0gapT07E - Skipping video
0mimdvU6Hvk - Subprocess ffmpeg to extract frames for id=0mimdvU6Hvk, writing frames to /misc/vlgscratch2/FergusGroup/sercu/frames/Lions/0mimdvU6Hvk
0mimdvU6Hvk - Finished extracting frames, start making overview.
0mimdvU6Hvk - Extracted 6162 frames, in 485 shots. Time from 34.6 to 3123.7 miliseconds.
0mimdvU6Hvk - Succesfully parsed ffmpeg log to shot info and pickled to /misc/vlgscratch2/FergusGroup/sercu/frames/Lions/0mimdvU6Hvk/info.pk
B3YF_NFjn5E - Skipping video
7RKFqqwhtGs - Skipping video
co8NneR8ilc - Skipping video
JroDr5EvZA0 - Skipping video
ceFyF9px20Y - Skipping video
pQ3hmzf-8q0 - Subprocess ffmpeg to extract frames for id=pQ3hmzf-8q0, writing frames to /misc/vlgscratch2/FergusGroup/sercu/frames/Lions/pQ3hmzf-8q0
pQ3hmzf-8q0 - Finished extracting frames, start making overview.
pQ3hmzf-8q0 - Extracted 3202 frames, in 253 shots. Time from 63.3 to 1674.3 miliseconds.
pQ3hmzf-8q0 - Succesfully parsed ffmpeg log to shot info and pickled to /misc/vlgscratch2/FergusGroup/sercu/frames/Lions/pQ3hmzf-8q0/info.pk
dEOl_e0NAEY - Skipping video
Entered directory /misc/vlgscratch2/FergusGroup/sercu/youtube/Giraffe with 57 videos
8BMfIWU1A5A - Skipping video
q0N8tbzfoUE - Skipping video
khaYeIpmePo - Subprocess ffmpeg to extract frames for id=khaYeIpmePo, writing frames to /misc/vlgscratch2/FergusGroup/sercu/frames/Giraffe/khaYeIpmePo
khaYeIpmePo - Finished extracting frames, start making overview.
khaYeIpmePo - Extracted 7016 frames, in 475 shots. Time from 2.0 to 3534.9 miliseconds.
khaYeIpmePo - Succesfully parsed ffmpeg log to shot info and pickled to /misc/vlgscratch2/FergusGroup/sercu/frames/Giraffe/khaYeIpmePo/info.pk
Q9QZdXZmuFA - Skipping video
C-4x4QpmtMs - Skipping video
iv966DMdZo8 - Skipping video
8cz3c5qmthI - Skipping video
NqmoHJLZDgc - Skipping video
eOQAV6JdNMU - Skipping video
RgosmzQ2a-g - Skipping video
HrOhhSQJhlc - Skipping video
s5mwo_kzMgw - Subprocess ffmpeg to extract frames for id=s5mwo_kzMgw, writing frames to /misc/vlgscratch2/FergusGroup/sercu/frames/Giraffe/s5mwo_kzMgw
s5mwo_kzMgw - Finished extracting frames, start making overview.
s5mwo_kzMgw - Extracted 3533 frames, in 14 shots. Time from 233.3 to 1998.5 miliseconds.
s5mwo_kzMgw - Succesfully parsed ffmpeg log to shot info and pickled to /misc/vlgscratch2/FergusGroup/sercu/frames/Giraffe/s5mwo_kzMgw/info.pk
MJsGK7e500A - Skipping video
TI4w1GbkYBs - Skipping video
tKuPe4RR67s - Skipping video
JyNYWJP5Ywg - Skipping video
bD-IHM1c6fM - Subprocess ffmpeg to extract frames for id=bD-IHM1c6fM, writing frames to /misc/vlgscratch2/FergusGroup/sercu/frames/Giraffe/bD-IHM1c6fM
bD-IHM1c6fM - Finished extracting frames, start making overview.
bD-IHM1c6fM - Extracted 2477 frames, in 45 shots. Time from 48.8 to 1274.7 miliseconds.
bD-IHM1c6fM - Succesfully parsed ffmpeg log to shot info and pickled to /misc/vlgscratch2/FergusGroup/sercu/frames/Giraffe/bD-IHM1c6fM/info.pk
P7dPkehJnoE - Skipping video
U7jmtsA6H94 - Skipping video
UskUZoXrMHA - Skipping video
QhK3Mm-Twgs - Skipping video
j5AufwiSDz8 - Skipping video
GrPE8voiQIw - Skipping video
ECsb40kYPYg - Subprocess ffmpeg to extract frames for id=ECsb40kYPYg, writing frames to /misc/vlgscratch2/FergusGroup/sercu/frames/Giraffe/ECsb40kYPYg
ECsb40kYPYg - Finished extracting frames, start making overview.
ECsb40kYPYg - Extracted 2989 frames, in 86 shots. Time from 23.1 to 1508.3 miliseconds.
ECsb40kYPYg - Succesfully parsed ffmpeg log to shot info and pickled to /misc/vlgscratch2/FergusGroup/sercu/frames/Giraffe/ECsb40kYPYg/info.pk
MijbhtJsZcU - Skipping video
1cTlT7mBZVQ - Skipping video
G0ta0sxHLBM - Subprocess ffmpeg to extract frames for id=G0ta0sxHLBM, writing frames to /misc/vlgscratch2/FergusGroup/sercu/frames/Giraffe/G0ta0sxHLBM
G0ta0sxHLBM - Finished extracting frames, start making overview.
G0ta0sxHLBM - Extracted 5298 frames, in 268 shots. Time from 5.4 to 2699.6 miliseconds.
G0ta0sxHLBM - Succesfully parsed ffmpeg log to shot info and pickled to /misc/vlgscratch2/FergusGroup/sercu/frames/Giraffe/G0ta0sxHLBM/info.pk
c3nHUnIDHuQ - Skipping video
fK6SeHyAbKU - Skipping video
v5ZHo5ZWbfg - Skipping video
xA5TRT1Sn3E - Skipping video
JWNVjSWJFb0 - Skipping video
me0d9YGbWAc - Skipping video
iywDHO1ZD6o - Skipping video
iDnF3g7SvxA - Subprocess ffmpeg to extract frames for id=iDnF3g7SvxA, writing frames to /misc/vlgscratch2/FergusGroup/sercu/frames/Giraffe/iDnF3g7SvxA
iDnF3g7SvxA - Finished extracting frames, start making overview.
iDnF3g7SvxA - Extracted 1380 frames, in 1 shots. Time from 1038.8 to 1755.9 miliseconds.
iDnF3g7SvxA - Succesfully parsed ffmpeg log to shot info and pickled to /misc/vlgscratch2/FergusGroup/sercu/frames/Giraffe/iDnF3g7SvxA/info.pk
Erq51K9RAZg - Skipping video
q_po4vRQWto - Subprocess ffmpeg to extract frames for id=q_po4vRQWto, writing frames to /misc/vlgscratch2/FergusGroup/sercu/frames/Giraffe/q_po4vRQWto
q_po4vRQWto - Finished extracting frames, start making overview.
q_po4vRQWto - Extracted 5326 frames, in 383 shots. Time from 118.1 to 2792.4 miliseconds.
q_po4vRQWto - Succesfully parsed ffmpeg log to shot info and pickled to /misc/vlgscratch2/FergusGroup/sercu/frames/Giraffe/q_po4vRQWto/info.pk
UfQr5eSkKN0 - Skipping video
XTwDjqyJS6s - Skipping video
1PCKscmuu4s - Skipping video
sio9TPR-NZQ - Skipping video
mORKCBHtSeg - Skipping video
UGRmecG_Xlk - Skipping video
i1c1FfrQqh0 - Subprocess ffmpeg to extract frames for id=i1c1FfrQqh0, writing frames to /misc/vlgscratch2/FergusGroup/sercu/frames/Giraffe/i1c1FfrQqh0
i1c1FfrQqh0 - ffmpeg returned unsuccesful with code 1.
i1c1FfrQqh0 - Wrote failing command to /misc/vlgscratch2/FergusGroup/sercu/frames/Giraffe/i1c1FfrQqh0/command.log.
4rTauJs94pc - Skipping video
y20JYXMuWMc - Skipping video
5Xd58CpZSRM - Skipping video
w8-lZzV0Wck - Subprocess ffmpeg to extract frames for id=w8-lZzV0Wck, writing frames to /misc/vlgscratch2/FergusGroup/sercu/frames/Giraffe/w8-lZzV0Wck
w8-lZzV0Wck - Finished extracting frames, start making overview.
w8-lZzV0Wck - Extracted 2639 frames, in 154 shots. Time from 3.5 to 1289.7 miliseconds.
w8-lZzV0Wck - Succesfully parsed ffmpeg log to shot info and pickled to /misc/vlgscratch2/FergusGroup/sercu/frames/Giraffe/w8-lZzV0Wck/info.pk
2W3JMFjI7-I - Skipping video
BguzwECS1lo - Skipping video
CQ8ahXgJTv8 - Skipping video
U19b0yOTMiE - Skipping video
7yBuI4vmXQ0 - Subprocess ffmpeg to extract frames for id=7yBuI4vmXQ0, writing frames to /misc/vlgscratch2/FergusGroup/sercu/frames/Giraffe/7yBuI4vmXQ0
7yBuI4vmXQ0 - Finished extracting frames, start making overview.
7yBuI4vmXQ0 - Extracted 4722 frames, in 629 shots. Time from 8.4 to 2213.6 miliseconds.
7yBuI4vmXQ0 - Succesfully parsed ffmpeg log to shot info and pickled to /misc/vlgscratch2/FergusGroup/sercu/frames/Giraffe/7yBuI4vmXQ0/info.pk
Hmfczlr6YVc - Skipping video
AhZxA5xex14 - Skipping video
kANRS0in5C8 - Skipping video
yB8TOQDqurk - Skipping video
Entered directory /misc/vlgscratch2/FergusGroup/sercu/youtube/Bears_2_64 with 0 videos
Entered directory /misc/vlgscratch2/FergusGroup/sercu/youtube/Lions_2_64 with 0 videos
Entered directory /misc/vlgscratch2/FergusGroup/sercu/youtube/Giraffe_2_64 with 0 videos
Entered directory /misc/vlgscratch2/FergusGroup/sercu/youtube/Bears_8_32 with 0 videos
Entered directory /misc/vlgscratch2/FergusGroup/sercu/youtube/test with 1 videos
jF5eDmDPUDk - Skipping video
