Entered directory /misc/vlgscratch2/FergusGroup/sercu/youtube/Bears with 74 videos
wr4d2FfivA4 - Skipping video
fWeiauMNnEs - Skipping video
Rkx10rwbFC8 - Skipping video
twGFxc6XObs - Skipping video
qQbSUO6HGEQ - Skipping video
OxpEGHnEQMY - Skipping video
V4SmBrnD58Y - Skipping video
49-KW-rwYmQ - Skipping video
cSPw6MXS5IA - Skipping video
lD63JOjqTDg - Skipping video
txED4ByjtCU - Skipping video
pOBujrezJVE - Skipping video
d36MK94POaI - Skipping video
bb3epqISWnI - Skipping video
yx8kjJgt_AE - Skipping video
3KyNsMszBY4 - Skipping video
GaYA3sHfk5U - Skipping video
LsZaD92ZryY - Skipping video
PTlL2N5Iwh8 - Skipping video
S3bKmz4od3g - Skipping video
ovBispFEFfE - Skipping video
iBsggj9t7VM - Skipping video
ldcSQbeUOiE - Skipping video
S19JJGEMNnI - Skipping video
fTnjZ4doTOg - Skipping video
HBBJkp0q8sw - Skipping video
5xtxswjKp-w - Skipping video
DX2lUN_ywTg - Skipping video
_o69h-vZ1Pc - Skipping video
3-eOlbWXJCY - Skipping video
8PNQCfWEA2A - Skipping video
Ib9WOVlB6xA - Skipping video
WL4yk9CGhsw - Skipping video
WvbIN4eXcHY - Skipping video
Dk2jjpLlR-I - Skipping video
2Qx2qLTtaZE - Skipping video
3QdBGRejCHQ - Skipping video
5BCVzr_xJYM - Skipping video
sEMwsQ34vZ8 - Skipping video
qDx4XsJpG6A - Skipping video
4msUhLnQtn0 - Skipping video
kZUbJWMu_QA - Skipping video
Ij3R07qeS1I - Skipping video
WW7QVI2QQKI - Skipping video
hVbQZE1Ds9k - Skipping video
VjrhvQTBwVs - Skipping video
QCRoWnpI110 - Skipping video
EsdY_aStO24 - Skipping video
GUfPuZrwR28 - Skipping video
kr29mEzAgNk - Skipping video
9zEKU2VI-KU - Skipping video
82iXK6xzySc - Skipping video
p2M7c-nvgbo - Skipping video
TNK2QocFr0g - Skipping video
sa8jT-GrmDE - Skipping video
y6vwMLvmb4g - Skipping video
T6oXRpMQHfo - Skipping video
8VaefYfY1L0 - Subprocess ffmpeg to extract frames for id=8VaefYfY1L0, writing frames to /misc/vlgscratch2/FergusGroup/sercu/frames/Bears/8VaefYfY1L0
8VaefYfY1L0 - Finished extracting frames, start making overview.
8VaefYfY1L0 - Extracted 7006 frames, in 466 shots. Time from 5.4 to 3539.8 miliseconds.
8VaefYfY1L0 - Succesfully parsed ffmpeg log to shot info and pickled to /misc/vlgscratch2/FergusGroup/sercu/frames/Bears/8VaefYfY1L0/info.pk
i_-PwiwAFNw - Skipping video
h4ViNumnAFw - Skipping video
ifSvkEQQH7U - Skipping video
HgUO0iUYuZg - Skipping video
wDL6rgNyO70 - Skipping video
RpTzkF3zHUU - Subprocess ffmpeg to extract frames for id=RpTzkF3zHUU, writing frames to /misc/vlgscratch2/FergusGroup/sercu/frames/Bears/RpTzkF3zHUU
RpTzkF3zHUU - Finished extracting frames, start making overview.
RpTzkF3zHUU - Extracted 6043 frames, in 318 shots. Time from 0.9 to 2951.4 miliseconds.
RpTzkF3zHUU - Succesfully parsed ffmpeg log to shot info and pickled to /misc/vlgscratch2/FergusGroup/sercu/frames/Bears/RpTzkF3zHUU/info.pk
6yvbMRioy1U - Skipping video
-aS1_o0P1CU - Skipping video
JoMxBdj-o24 - Skipping video
fUOPxPnE5Bk - Skipping video
00jjvJAN8Dk - Skipping video
eDw0E1f5uQY - Skipping video
d6yZj3YAiYI - Skipping video
ErC1Vf6Px48 - Subprocess ffmpeg to extract frames for id=ErC1Vf6Px48, writing frames to /misc/vlgscratch2/FergusGroup/sercu/frames/Bears/ErC1Vf6Px48
ErC1Vf6Px48 - Finished extracting frames, start making overview.
ErC1Vf6Px48 - Extracted 6978 frames, in 538 shots. Time from 18.1 to 3520.6 miliseconds.
ErC1Vf6Px48 - Succesfully parsed ffmpeg log to shot info and pickled to /misc/vlgscratch2/FergusGroup/sercu/frames/Bears/ErC1Vf6Px48/info.pk
FWMZFAfojfA - Skipping video
R78ZWASaFoU - Skipping video
Entered directory /misc/vlgscratch2/FergusGroup/sercu/youtube/Lions with 77 videos
ini_S6FK8DY - Skipping video
K3LevjGEbZw - Skipping video
3EBy69dRr04 - Skipping video
EU8TEiP3TnY - Skipping video
Yg2oEHQq-48 - Subprocess ffmpeg to extract frames for id=Yg2oEHQq-48, writing frames to /misc/vlgscratch2/FergusGroup/sercu/frames/Lions/Yg2oEHQq-48
Yg2oEHQq-48 - Finished extracting frames, start making overview.
Yg2oEHQq-48 - Extracted 6826 frames, in 170 shots. Time from 21.1 to 3399.1 miliseconds.
Yg2oEHQq-48 - Succesfully parsed ffmpeg log to shot info and pickled to /misc/vlgscratch2/FergusGroup/sercu/frames/Lions/Yg2oEHQq-48/info.pk
5h31Hmq8hQg - Skipping video
q-QFfm4aRAc - Skipping video
TCDv-mNJT7s - Skipping video
ZKZ8_JTUn7g - Skipping video
9dJv5TYmDeQ - Skipping video
gaU85YiBSzc - Skipping video
aa1mob1wcLs - Skipping video
TJDE6A58BYc - Skipping video
ZhvVlFg9Yj8 - Skipping video
fW6Fx4-MWzM - Subprocess ffmpeg to extract frames for id=fW6Fx4-MWzM, writing frames to /misc/vlgscratch2/FergusGroup/sercu/frames/Lions/fW6Fx4-MWzM
fW6Fx4-MWzM - Finished extracting frames, start making overview.
fW6Fx4-MWzM - Extracted 5655 frames, in 476 shots. Time from 4.9 to 2818.9 miliseconds.
fW6Fx4-MWzM - Succesfully parsed ffmpeg log to shot info and pickled to /misc/vlgscratch2/FergusGroup/sercu/frames/Lions/fW6Fx4-MWzM/info.pk
OJtGmCPVDwQ - Skipping video
zgLVJw9Umbs - Skipping video
Db0mPs_cYak - Skipping video
ZAGqNVbc0Ww - Skipping video
wU4S09W47W8 - Subprocess ffmpeg to extract frames for id=wU4S09W47W8, writing frames to /misc/vlgscratch2/FergusGroup/sercu/frames/Lions/wU4S09W47W8
wU4S09W47W8 - Finished extracting frames, start making overview.
wU4S09W47W8 - Extracted 6162 frames, in 485 shots. Time from 34.6 to 3123.7 miliseconds.
wU4S09W47W8 - Succesfully parsed ffmpeg log to shot info and pickled to /misc/vlgscratch2/FergusGroup/sercu/frames/Lions/wU4S09W47W8/info.pk
WG_-FU3NNgw - Skipping video
kHQS8PD2GFw - Skipping video
QRPzJNP_85c - Skipping video
r_VhmUCRIEk - Skipping video
TPXfIPFWbL0 - Skipping video
FjxcOjsEgWc - Subprocess ffmpeg to extract frames for id=FjxcOjsEgWc, writing frames to /misc/vlgscratch2/FergusGroup/sercu/frames/Lions/FjxcOjsEgWc
FjxcOjsEgWc - Finished extracting frames, start making overview.
FjxcOjsEgWc - Extracted 5655 frames, in 476 shots. Time from 4.9 to 2818.9 miliseconds.
FjxcOjsEgWc - Succesfully parsed ffmpeg log to shot info and pickled to /misc/vlgscratch2/FergusGroup/sercu/frames/Lions/FjxcOjsEgWc/info.pk
0BWD5I6YrIo - Skipping video
ZbLzW6fQUTk - Skipping video
VMh_lWvqsI8 - Skipping video
z5ISK5GDjsw - Skipping video
P9K30jIGX3M - Skipping video
zbQcsD8o0Vc - Subprocess ffmpeg to extract frames for id=zbQcsD8o0Vc, writing frames to /misc/vlgscratch2/FergusGroup/sercu/frames/Lions/zbQcsD8o0Vc
zbQcsD8o0Vc - Finished extracting frames, start making overview.
zbQcsD8o0Vc - Extracted 3750 frames, in 196 shots. Time from 3.1 to 1822.2 miliseconds.
zbQcsD8o0Vc - Succesfully parsed ffmpeg log to shot info and pickled to /misc/vlgscratch2/FergusGroup/sercu/frames/Lions/zbQcsD8o0Vc/info.pk
nvWMfFxoL_o - Skipping video
kbvNzF58idU - Skipping video
87fYZiV9-cM - Subprocess ffmpeg to extract frames for id=87fYZiV9-cM, writing frames to /misc/vlgscratch2/FergusGroup/sercu/frames/Lions/87fYZiV9-cM
87fYZiV9-cM - Finished extracting frames, start making overview.
87fYZiV9-cM - Extracted 7250 frames, in 469 shots. Time from 2.9 to 3514.1 miliseconds.
87fYZiV9-cM - Succesfully parsed ffmpeg log to shot info and pickled to /misc/vlgscratch2/FergusGroup/sercu/frames/Lions/87fYZiV9-cM/info.pk
MyLQeVXhkAY - Skipping video
N50Ftwt3iEM - Skipping video
HZIxCSZBO7s - Skipping video
XXxmu0LVFVQ - Skipping video
VoOazatUpPg - Skipping video
1UCZSH_zmWI - Skipping video
AjyPpGmjSDc - Subprocess ffmpeg to extract frames for id=AjyPpGmjSDc, writing frames to /misc/vlgscratch2/FergusGroup/sercu/frames/Lions/AjyPpGmjSDc
AjyPpGmjSDc - Finished extracting frames, start making overview.
AjyPpGmjSDc - Extracted 5655 frames, in 476 shots. Time from 4.9 to 2818.9 miliseconds.
AjyPpGmjSDc - Succesfully parsed ffmpeg log to shot info and pickled to /misc/vlgscratch2/FergusGroup/sercu/frames/Lions/AjyPpGmjSDc/info.pk
SPJ0pxsU8-k - Skipping video
pludELxVLoY - Skipping video
nI-cmlwmdEo - Skipping video
4otUgh5k4dE - Skipping video
2X-eX-jcIsU - Skipping video
_dFW04y9B6c - Subprocess ffmpeg to extract frames for id=_dFW04y9B6c, writing frames to /misc/vlgscratch2/FergusGroup/sercu/frames/Lions/_dFW04y9B6c
_dFW04y9B6c - Finished extracting frames, start making overview.
_dFW04y9B6c - Extracted 3035 frames, in 97 shots. Time from 3.1 to 1498.5 miliseconds.
_dFW04y9B6c - Succesfully parsed ffmpeg log to shot info and pickled to /misc/vlgscratch2/FergusGroup/sercu/frames/Lions/_dFW04y9B6c/info.pk
odhqCKFIxzE - Skipping video
2LEa9wDxXBE - Skipping video
TE7MYWiQ-is - Skipping video
Dawi9f2J1Vc - Skipping video
ri1RU9WpD2c - Subprocess ffmpeg to extract frames for id=ri1RU9WpD2c, writing frames to /misc/vlgscratch2/FergusGroup/sercu/frames/Lions/ri1RU9WpD2c
ri1RU9WpD2c - Finished extracting frames, start making overview.
ri1RU9WpD2c - Extracted 5345 frames, in 377 shots. Time from 2.9 to 2699.4 miliseconds.
ri1RU9WpD2c - Succesfully parsed ffmpeg log to shot info and pickled to /misc/vlgscratch2/FergusGroup/sercu/frames/Lions/ri1RU9WpD2c/info.pk
HZ8ws3GxUY0 - Skipping video
r7RFxio3EtY - Skipping video
1DWKrU6lTL8 - Skipping video
21-g_p_DKTU - Subprocess ffmpeg to extract frames for id=21-g_p_DKTU, writing frames to /misc/vlgscratch2/FergusGroup/sercu/frames/Lions/21-g_p_DKTU
21-g_p_DKTU - Finished extracting frames, start making overview.
21-g_p_DKTU - Extracted 6162 frames, in 485 shots. Time from 34.6 to 3123.7 miliseconds.
21-g_p_DKTU - Succesfully parsed ffmpeg log to shot info and pickled to /misc/vlgscratch2/FergusGroup/sercu/frames/Lions/21-g_p_DKTU/info.pk
IGnY66w2NxI - Skipping video
xM9c3kTNPto - Skipping video
QPtCbEGAxKc - Skipping video
paSTsGimYZg - Skipping video
s6XPOvju1qw - Skipping video
Xe_WZb3wvM8 - Subprocess ffmpeg to extract frames for id=Xe_WZb3wvM8, writing frames to /misc/vlgscratch2/FergusGroup/sercu/frames/Lions/Xe_WZb3wvM8
Xe_WZb3wvM8 - Finished extracting frames, start making overview.
Xe_WZb3wvM8 - Extracted 5497 frames, in 655 shots. Time from 1.0 to 2594.7 miliseconds.
Xe_WZb3wvM8 - Succesfully parsed ffmpeg log to shot info and pickled to /misc/vlgscratch2/FergusGroup/sercu/frames/Lions/Xe_WZb3wvM8/info.pk
dCeHQfCjgJM - Skipping video
xZ032UBRhPI - Skipping video
hyq6Mnzyz00 - Skipping video
sowiQpn-izE - Skipping video
lyV_BvBaivA - Subprocess ffmpeg to extract frames for id=lyV_BvBaivA, writing frames to /misc/vlgscratch2/FergusGroup/sercu/frames/Lions/lyV_BvBaivA
lyV_BvBaivA - Finished extracting frames, start making overview.
lyV_BvBaivA - Extracted 5391 frames, in 376 shots. Time from 6.4 to 2720.0 miliseconds.
lyV_BvBaivA - Succesfully parsed ffmpeg log to shot info and pickled to /misc/vlgscratch2/FergusGroup/sercu/frames/Lions/lyV_BvBaivA/info.pk
wuT0gapT07E - Skipping video
0mimdvU6Hvk - Skipping video
B3YF_NFjn5E - Skipping video
7RKFqqwhtGs - Skipping video
co8NneR8ilc - Skipping video
JroDr5EvZA0 - Subprocess ffmpeg to extract frames for id=JroDr5EvZA0, writing frames to /misc/vlgscratch2/FergusGroup/sercu/frames/Lions/JroDr5EvZA0
JroDr5EvZA0 - Finished extracting frames, start making overview.
JroDr5EvZA0 - Extracted 5666 frames, in 494 shots. Time from 9.2 to 2729.6 miliseconds.
JroDr5EvZA0 - Succesfully parsed ffmpeg log to shot info and pickled to /misc/vlgscratch2/FergusGroup/sercu/frames/Lions/JroDr5EvZA0/info.pk
ceFyF9px20Y - Skipping video
pQ3hmzf-8q0 - Skipping video
dEOl_e0NAEY - Skipping video
Entered directory /misc/vlgscratch2/FergusGroup/sercu/youtube/Giraffe with 57 videos
8BMfIWU1A5A - Skipping video
q0N8tbzfoUE - Skipping video
khaYeIpmePo - Skipping video
Q9QZdXZmuFA - Subprocess ffmpeg to extract frames for id=Q9QZdXZmuFA, writing frames to /misc/vlgscratch2/FergusGroup/sercu/frames/Giraffe/Q9QZdXZmuFA
Q9QZdXZmuFA - Finished extracting frames, start making overview.
Q9QZdXZmuFA - Extracted 3316 frames, in 210 shots. Time from 1.1 to 1606.0 miliseconds.
Q9QZdXZmuFA - Succesfully parsed ffmpeg log to shot info and pickled to /misc/vlgscratch2/FergusGroup/sercu/frames/Giraffe/Q9QZdXZmuFA/info.pk
C-4x4QpmtMs - Skipping video
iv966DMdZo8 - Skipping video
8cz3c5qmthI - Skipping video
NqmoHJLZDgc - Subprocess ffmpeg to extract frames for id=NqmoHJLZDgc, writing frames to /misc/vlgscratch2/FergusGroup/sercu/frames/Giraffe/NqmoHJLZDgc
NqmoHJLZDgc - Finished extracting frames, start making overview.
NqmoHJLZDgc - Extracted 4481 frames, in 197 shots. Time from 0.1 to 2192.6 miliseconds.
NqmoHJLZDgc - Succesfully parsed ffmpeg log to shot info and pickled to /misc/vlgscratch2/FergusGroup/sercu/frames/Giraffe/NqmoHJLZDgc/info.pk
eOQAV6JdNMU - Skipping video
RgosmzQ2a-g - Skipping video
HrOhhSQJhlc - Skipping video
s5mwo_kzMgw - Skipping video
MJsGK7e500A - Skipping video
TI4w1GbkYBs - Subprocess ffmpeg to extract frames for id=TI4w1GbkYBs, writing frames to /misc/vlgscratch2/FergusGroup/sercu/frames/Giraffe/TI4w1GbkYBs
TI4w1GbkYBs - Finished extracting frames, start making overview.
TI4w1GbkYBs - Extracted 3485 frames, in 246 shots. Time from 7.0 to 1742.5 miliseconds.
TI4w1GbkYBs - Succesfully parsed ffmpeg log to shot info and pickled to /misc/vlgscratch2/FergusGroup/sercu/frames/Giraffe/TI4w1GbkYBs/info.pk
tKuPe4RR67s - Skipping video
JyNYWJP5Ywg - Skipping video
bD-IHM1c6fM - Skipping video
P7dPkehJnoE - Skipping video
U7jmtsA6H94 - Skipping video
UskUZoXrMHA - Subprocess ffmpeg to extract frames for id=UskUZoXrMHA, writing frames to /misc/vlgscratch2/FergusGroup/sercu/frames/Giraffe/UskUZoXrMHA
UskUZoXrMHA - Finished extracting frames, start making overview.
UskUZoXrMHA - Extracted 7267 frames, in 72 shots. Time from 523.3 to 4154.1 miliseconds.
UskUZoXrMHA - Succesfully parsed ffmpeg log to shot info and pickled to /misc/vlgscratch2/FergusGroup/sercu/frames/Giraffe/UskUZoXrMHA/info.pk
QhK3Mm-Twgs - Skipping video
j5AufwiSDz8 - Skipping video
GrPE8voiQIw - Skipping video
ECsb40kYPYg - Skipping video
MijbhtJsZcU - Skipping video
1cTlT7mBZVQ - Skipping video
G0ta0sxHLBM - Skipping video
c3nHUnIDHuQ - Skipping video
fK6SeHyAbKU - Skipping video
v5ZHo5ZWbfg - Skipping video
xA5TRT1Sn3E - Skipping video
JWNVjSWJFb0 - Skipping video
me0d9YGbWAc - Skipping video
iywDHO1ZD6o - Skipping video
iDnF3g7SvxA - Skipping video
Erq51K9RAZg - Skipping video
q_po4vRQWto - Skipping video
UfQr5eSkKN0 - Skipping video
XTwDjqyJS6s - Skipping video
1PCKscmuu4s - Skipping video
sio9TPR-NZQ - Skipping video
mORKCBHtSeg - Subprocess ffmpeg to extract frames for id=mORKCBHtSeg, writing frames to /misc/vlgscratch2/FergusGroup/sercu/frames/Giraffe/mORKCBHtSeg
mORKCBHtSeg - Finished extracting frames, start making overview.
mORKCBHtSeg - Extracted 2708 frames, in 127 shots. Time from 1.8 to 1324.9 miliseconds.
mORKCBHtSeg - Succesfully parsed ffmpeg log to shot info and pickled to /misc/vlgscratch2/FergusGroup/sercu/frames/Giraffe/mORKCBHtSeg/info.pk
UGRmecG_Xlk - Skipping video
i1c1FfrQqh0 - Skipping video
4rTauJs94pc - Skipping video
y20JYXMuWMc - Skipping video
5Xd58CpZSRM - Subprocess ffmpeg to extract frames for id=5Xd58CpZSRM, writing frames to /misc/vlgscratch2/FergusGroup/sercu/frames/Giraffe/5Xd58CpZSRM
5Xd58CpZSRM - Finished extracting frames, start making overview.
5Xd58CpZSRM - Extracted 5733 frames, in 104 shots. Time from 176.2 to 3130.4 miliseconds.
5Xd58CpZSRM - Succesfully parsed ffmpeg log to shot info and pickled to /misc/vlgscratch2/FergusGroup/sercu/frames/Giraffe/5Xd58CpZSRM/info.pk
w8-lZzV0Wck - Skipping video
2W3JMFjI7-I - Skipping video
BguzwECS1lo - Skipping video
CQ8ahXgJTv8 - Skipping video
U19b0yOTMiE - Subprocess ffmpeg to extract frames for id=U19b0yOTMiE, writing frames to /misc/vlgscratch2/FergusGroup/sercu/frames/Giraffe/U19b0yOTMiE
U19b0yOTMiE - Finished extracting frames, start making overview.
U19b0yOTMiE - Extracted 5645 frames, in 488 shots. Time from 6.6 to 2818.4 miliseconds.
U19b0yOTMiE - Succesfully parsed ffmpeg log to shot info and pickled to /misc/vlgscratch2/FergusGroup/sercu/frames/Giraffe/U19b0yOTMiE/info.pk
7yBuI4vmXQ0 - Skipping video
Hmfczlr6YVc - Skipping video
AhZxA5xex14 - Skipping video
kANRS0in5C8 - Skipping video
yB8TOQDqurk - Skipping video
Entered directory /misc/vlgscratch2/FergusGroup/sercu/youtube/Bears_2_64 with 0 videos
Entered directory /misc/vlgscratch2/FergusGroup/sercu/youtube/Lions_2_64 with 0 videos
Entered directory /misc/vlgscratch2/FergusGroup/sercu/youtube/Giraffe_2_64 with 0 videos
Entered directory /misc/vlgscratch2/FergusGroup/sercu/youtube/Bears_8_32 with 0 videos
Entered directory /misc/vlgscratch2/FergusGroup/sercu/youtube/test with 1 videos
jF5eDmDPUDk - Skipping video
