Entered directory /misc/vlgscratch2/FergusGroup/sercu/youtube/Bears with 74 videos
wr4d2FfivA4 - Skipping video
fWeiauMNnEs - Skipping video
Rkx10rwbFC8 - Skipping video
twGFxc6XObs - Skipping video
qQbSUO6HGEQ - Skipping video
OxpEGHnEQMY - Skipping video
V4SmBrnD58Y - Skipping video
49-KW-rwYmQ - Skipping video
cSPw6MXS5IA - Skipping video
lD63JOjqTDg - Skipping video
txED4ByjtCU - Skipping video
pOBujrezJVE - Skipping video
d36MK94POaI - Skipping video
bb3epqISWnI - Skipping video
yx8kjJgt_AE - Skipping video
3KyNsMszBY4 - Skipping video
GaYA3sHfk5U - Skipping video
LsZaD92ZryY - Skipping video
PTlL2N5Iwh8 - Skipping video
S3bKmz4od3g - Skipping video
ovBispFEFfE - Skipping video
iBsggj9t7VM - Skipping video
ldcSQbeUOiE - Skipping video
S19JJGEMNnI - Skipping video
fTnjZ4doTOg - Skipping video
HBBJkp0q8sw - Skipping video
5xtxswjKp-w - Skipping video
DX2lUN_ywTg - Skipping video
_o69h-vZ1Pc - Skipping video
3-eOlbWXJCY - Skipping video
8PNQCfWEA2A - Skipping video
Ib9WOVlB6xA - Skipping video
WL4yk9CGhsw - Skipping video
WvbIN4eXcHY - Skipping video
Dk2jjpLlR-I - Skipping video
2Qx2qLTtaZE - Skipping video
3QdBGRejCHQ - Skipping video
5BCVzr_xJYM - Skipping video
sEMwsQ34vZ8 - Skipping video
qDx4XsJpG6A - Skipping video
4msUhLnQtn0 - Skipping video
kZUbJWMu_QA - Skipping video
Ij3R07qeS1I - Skipping video
WW7QVI2QQKI - Skipping video
hVbQZE1Ds9k - Skipping video
VjrhvQTBwVs - Skipping video
QCRoWnpI110 - Skipping video
EsdY_aStO24 - Skipping video
GUfPuZrwR28 - Skipping video
kr29mEzAgNk - Skipping video
9zEKU2VI-KU - Skipping video
82iXK6xzySc - Skipping video
p2M7c-nvgbo - Skipping video
TNK2QocFr0g - Skipping video
sa8jT-GrmDE - Skipping video
y6vwMLvmb4g - Subprocess ffmpeg to extract frames for id=y6vwMLvmb4g, writing frames to /misc/vlgscratch2/FergusGroup/sercu/frames/Bears/y6vwMLvmb4g
y6vwMLvmb4g - Finished extracting frames, start making overview.
y6vwMLvmb4g - Extracted 2707 frames, in 3 shots. Time from 154.5 to 1561.2 miliseconds.
y6vwMLvmb4g - Succesfully parsed ffmpeg log to shot info and pickled to /misc/vlgscratch2/FergusGroup/sercu/frames/Bears/y6vwMLvmb4g/info.pk
T6oXRpMQHfo - Skipping video
8VaefYfY1L0 - Skipping video
i_-PwiwAFNw - Skipping video
h4ViNumnAFw - Skipping video
ifSvkEQQH7U - Subprocess ffmpeg to extract frames for id=ifSvkEQQH7U, writing frames to /misc/vlgscratch2/FergusGroup/sercu/frames/Bears/ifSvkEQQH7U
ifSvkEQQH7U - Finished extracting frames, start making overview.
ifSvkEQQH7U - Extracted 6247 frames, in 889 shots. Time from 5.0 to 2909.4 miliseconds.
ifSvkEQQH7U - Succesfully parsed ffmpeg log to shot info and pickled to /misc/vlgscratch2/FergusGroup/sercu/frames/Bears/ifSvkEQQH7U/info.pk
HgUO0iUYuZg - Skipping video
wDL6rgNyO70 - Skipping video
RpTzkF3zHUU - Skipping video
6yvbMRioy1U - Skipping video
-aS1_o0P1CU - Skipping video
JoMxBdj-o24 - Subprocess ffmpeg to extract frames for id=JoMxBdj-o24, writing frames to /misc/vlgscratch2/FergusGroup/sercu/frames/Bears/JoMxBdj-o24
JoMxBdj-o24 - Finished extracting frames, start making overview.
JoMxBdj-o24 - Extracted 6398 frames, in 297 shots. Time from 4.2 to 3136.8 miliseconds.
JoMxBdj-o24 - Succesfully parsed ffmpeg log to shot info and pickled to /misc/vlgscratch2/FergusGroup/sercu/frames/Bears/JoMxBdj-o24/info.pk
fUOPxPnE5Bk - Skipping video
00jjvJAN8Dk - Skipping video
eDw0E1f5uQY - Skipping video
d6yZj3YAiYI - Skipping video
ErC1Vf6Px48 - Skipping video
FWMZFAfojfA - Skipping video
R78ZWASaFoU - Subprocess ffmpeg to extract frames for id=R78ZWASaFoU, writing frames to /misc/vlgscratch2/FergusGroup/sercu/frames/Bears/R78ZWASaFoU
R78ZWASaFoU - Finished extracting frames, start making overview.
R78ZWASaFoU - Extracted 7059 frames, in 518 shots. Time from 14.9 to 3537.4 miliseconds.
R78ZWASaFoU - Succesfully parsed ffmpeg log to shot info and pickled to /misc/vlgscratch2/FergusGroup/sercu/frames/Bears/R78ZWASaFoU/info.pk
Entered directory /misc/vlgscratch2/FergusGroup/sercu/youtube/Lions with 77 videos
ini_S6FK8DY - Skipping video
K3LevjGEbZw - Skipping video
3EBy69dRr04 - Skipping video
EU8TEiP3TnY - Skipping video
Yg2oEHQq-48 - Skipping video
5h31Hmq8hQg - Subprocess ffmpeg to extract frames for id=5h31Hmq8hQg, writing frames to /misc/vlgscratch2/FergusGroup/sercu/frames/Lions/5h31Hmq8hQg
5h31Hmq8hQg - Finished extracting frames, start making overview.
5h31Hmq8hQg - Extracted 5384 frames, in 437 shots. Time from 0.4 to 2698.2 miliseconds.
5h31Hmq8hQg - Succesfully parsed ffmpeg log to shot info and pickled to /misc/vlgscratch2/FergusGroup/sercu/frames/Lions/5h31Hmq8hQg/info.pk
q-QFfm4aRAc - Skipping video
TCDv-mNJT7s - Skipping video
ZKZ8_JTUn7g - Skipping video
9dJv5TYmDeQ - Subprocess ffmpeg to extract frames for id=9dJv5TYmDeQ, writing frames to /misc/vlgscratch2/FergusGroup/sercu/frames/Lions/9dJv5TYmDeQ
9dJv5TYmDeQ - Finished extracting frames, start making overview.
9dJv5TYmDeQ - Extracted 4701 frames, in 174 shots. Time from 51.5 to 2362.1 miliseconds.
9dJv5TYmDeQ - Succesfully parsed ffmpeg log to shot info and pickled to /misc/vlgscratch2/FergusGroup/sercu/frames/Lions/9dJv5TYmDeQ/info.pk
gaU85YiBSzc - Skipping video
aa1mob1wcLs - Skipping video
TJDE6A58BYc - Skipping video
ZhvVlFg9Yj8 - Subprocess ffmpeg to extract frames for id=ZhvVlFg9Yj8, writing frames to /misc/vlgscratch2/FergusGroup/sercu/frames/Lions/ZhvVlFg9Yj8
ZhvVlFg9Yj8 - Finished extracting frames, start making overview.
ZhvVlFg9Yj8 - Extracted 5390 frames, in 378 shots. Time from 6.4 to 2720.0 miliseconds.
ZhvVlFg9Yj8 - Succesfully parsed ffmpeg log to shot info and pickled to /misc/vlgscratch2/FergusGroup/sercu/frames/Lions/ZhvVlFg9Yj8/info.pk
fW6Fx4-MWzM - Skipping video
OJtGmCPVDwQ - Skipping video
zgLVJw9Umbs - Skipping video
Db0mPs_cYak - Skipping video
ZAGqNVbc0Ww - Subprocess ffmpeg to extract frames for id=ZAGqNVbc0Ww, writing frames to /misc/vlgscratch2/FergusGroup/sercu/frames/Lions/ZAGqNVbc0Ww
ZAGqNVbc0Ww - Finished extracting frames, start making overview.
ZAGqNVbc0Ww - Extracted 5390 frames, in 378 shots. Time from 6.4 to 2720.0 miliseconds.
ZAGqNVbc0Ww - Succesfully parsed ffmpeg log to shot info and pickled to /misc/vlgscratch2/FergusGroup/sercu/frames/Lions/ZAGqNVbc0Ww/info.pk
wU4S09W47W8 - Skipping video
WG_-FU3NNgw - Skipping video
kHQS8PD2GFw - Skipping video
QRPzJNP_85c - Skipping video
r_VhmUCRIEk - Subprocess ffmpeg to extract frames for id=r_VhmUCRIEk, writing frames to /misc/vlgscratch2/FergusGroup/sercu/frames/Lions/r_VhmUCRIEk
r_VhmUCRIEk - Finished extracting frames, start making overview.
r_VhmUCRIEk - Extracted 4975 frames, in 437 shots. Time from 10.3 to 2496.5 miliseconds.
r_VhmUCRIEk - Succesfully parsed ffmpeg log to shot info and pickled to /misc/vlgscratch2/FergusGroup/sercu/frames/Lions/r_VhmUCRIEk/info.pk
TPXfIPFWbL0 - Skipping video
FjxcOjsEgWc - Skipping video
0BWD5I6YrIo - Skipping video
ZbLzW6fQUTk - Skipping video
VMh_lWvqsI8 - Subprocess ffmpeg to extract frames for id=VMh_lWvqsI8, writing frames to /misc/vlgscratch2/FergusGroup/sercu/frames/Lions/VMh_lWvqsI8
VMh_lWvqsI8 - Finished extracting frames, start making overview.
VMh_lWvqsI8 - Extracted 6884 frames, in 403 shots. Time from 28.8 to 3514.2 miliseconds.
VMh_lWvqsI8 - Succesfully parsed ffmpeg log to shot info and pickled to /misc/vlgscratch2/FergusGroup/sercu/frames/Lions/VMh_lWvqsI8/info.pk
z5ISK5GDjsw - Skipping video
P9K30jIGX3M - Skipping video
zbQcsD8o0Vc - Skipping video
nvWMfFxoL_o - Skipping video
kbvNzF58idU - Skipping video
87fYZiV9-cM - Skipping video
MyLQeVXhkAY - Skipping video
N50Ftwt3iEM - Subprocess ffmpeg to extract frames for id=N50Ftwt3iEM, writing frames to /misc/vlgscratch2/FergusGroup/sercu/frames/Lions/N50Ftwt3iEM
N50Ftwt3iEM - Finished extracting frames, start making overview.
N50Ftwt3iEM - Extracted 5884 frames, in 571 shots. Time from 2.8 to 2808.4 miliseconds.
N50Ftwt3iEM - Succesfully parsed ffmpeg log to shot info and pickled to /misc/vlgscratch2/FergusGroup/sercu/frames/Lions/N50Ftwt3iEM/info.pk
HZIxCSZBO7s - Skipping video
XXxmu0LVFVQ - Skipping video
VoOazatUpPg - Skipping video
1UCZSH_zmWI - Subprocess ffmpeg to extract frames for id=1UCZSH_zmWI, writing frames to /misc/vlgscratch2/FergusGroup/sercu/frames/Lions/1UCZSH_zmWI
1UCZSH_zmWI - Finished extracting frames, start making overview.
1UCZSH_zmWI - Extracted 5426 frames, in 530 shots. Time from 5.0 to 2583.7 miliseconds.
1UCZSH_zmWI - Succesfully parsed ffmpeg log to shot info and pickled to /misc/vlgscratch2/FergusGroup/sercu/frames/Lions/1UCZSH_zmWI/info.pk
AjyPpGmjSDc - Skipping video
SPJ0pxsU8-k - Skipping video
pludELxVLoY - Skipping video
nI-cmlwmdEo - Skipping video
4otUgh5k4dE - Skipping video
2X-eX-jcIsU - Subprocess ffmpeg to extract frames for id=2X-eX-jcIsU, writing frames to /misc/vlgscratch2/FergusGroup/sercu/frames/Lions/2X-eX-jcIsU
2X-eX-jcIsU - Finished extracting frames, start making overview.
2X-eX-jcIsU - Extracted 6883 frames, in 402 shots. Time from 28.8 to 3514.2 miliseconds.
2X-eX-jcIsU - Succesfully parsed ffmpeg log to shot info and pickled to /misc/vlgscratch2/FergusGroup/sercu/frames/Lions/2X-eX-jcIsU/info.pk
_dFW04y9B6c - Skipping video
odhqCKFIxzE - Skipping video
2LEa9wDxXBE - Skipping video
TE7MYWiQ-is - Skipping video
Dawi9f2J1Vc - Skipping video
ri1RU9WpD2c - Skipping video
HZ8ws3GxUY0 - Subprocess ffmpeg to extract frames for id=HZ8ws3GxUY0, writing frames to /misc/vlgscratch2/FergusGroup/sercu/frames/Lions/HZ8ws3GxUY0
HZ8ws3GxUY0 - Finished extracting frames, start making overview.
HZ8ws3GxUY0 - Extracted 5655 frames, in 475 shots. Time from 4.9 to 2818.9 miliseconds.
HZ8ws3GxUY0 - Succesfully parsed ffmpeg log to shot info and pickled to /misc/vlgscratch2/FergusGroup/sercu/frames/Lions/HZ8ws3GxUY0/info.pk
r7RFxio3EtY - Skipping video
1DWKrU6lTL8 - Skipping video
21-g_p_DKTU - Skipping video
IGnY66w2NxI - Skipping video
xM9c3kTNPto - Skipping video
QPtCbEGAxKc - Subprocess ffmpeg to extract frames for id=QPtCbEGAxKc, writing frames to /misc/vlgscratch2/FergusGroup/sercu/frames/Lions/QPtCbEGAxKc
QPtCbEGAxKc - Finished extracting frames, start making overview.
QPtCbEGAxKc - Extracted 6124 frames, in 502 shots. Time from 5.0 to 2945.8 miliseconds.
QPtCbEGAxKc - Succesfully parsed ffmpeg log to shot info and pickled to /misc/vlgscratch2/FergusGroup/sercu/frames/Lions/QPtCbEGAxKc/info.pk
paSTsGimYZg - Skipping video
s6XPOvju1qw - Skipping video
Xe_WZb3wvM8 - Skipping video
dCeHQfCjgJM - Skipping video
xZ032UBRhPI - Skipping video
hyq6Mnzyz00 - Skipping video
sowiQpn-izE - Subprocess ffmpeg to extract frames for id=sowiQpn-izE, writing frames to /misc/vlgscratch2/FergusGroup/sercu/frames/Lions/sowiQpn-izE
sowiQpn-izE - Finished extracting frames, start making overview.
sowiQpn-izE - Extracted 5379 frames, in 358 shots. Time from 6.4 to 2720.2 miliseconds.
sowiQpn-izE - Succesfully parsed ffmpeg log to shot info and pickled to /misc/vlgscratch2/FergusGroup/sercu/frames/Lions/sowiQpn-izE/info.pk
lyV_BvBaivA - Skipping video
wuT0gapT07E - Skipping video
0mimdvU6Hvk - Skipping video
B3YF_NFjn5E - Skipping video
7RKFqqwhtGs - Subprocess ffmpeg to extract frames for id=7RKFqqwhtGs, writing frames to /misc/vlgscratch2/FergusGroup/sercu/frames/Lions/7RKFqqwhtGs
7RKFqqwhtGs - Finished extracting frames, start making overview.
7RKFqqwhtGs - Extracted 5802 frames, in 490 shots. Time from 18.2 to 2918.6 miliseconds.
7RKFqqwhtGs - Succesfully parsed ffmpeg log to shot info and pickled to /misc/vlgscratch2/FergusGroup/sercu/frames/Lions/7RKFqqwhtGs/info.pk
co8NneR8ilc - Skipping video
JroDr5EvZA0 - Skipping video
ceFyF9px20Y - Skipping video
pQ3hmzf-8q0 - Skipping video
dEOl_e0NAEY - Skipping video
Make directory /misc/vlgscratch2/FergusGroup/sercu/frames/Giraffe
Entered directory /misc/vlgscratch2/FergusGroup/sercu/youtube/Giraffe with 57 videos
8BMfIWU1A5A - Subprocess ffmpeg to extract frames for id=8BMfIWU1A5A, writing frames to /misc/vlgscratch2/FergusGroup/sercu/frames/Giraffe/8BMfIWU1A5A
8BMfIWU1A5A - Finished extracting frames, start making overview.
8BMfIWU1A5A - Extracted 6157 frames, in 380 shots. Time from 8.2 to 3118.8 miliseconds.
8BMfIWU1A5A - Succesfully parsed ffmpeg log to shot info and pickled to /misc/vlgscratch2/FergusGroup/sercu/frames/Giraffe/8BMfIWU1A5A/info.pk
q0N8tbzfoUE - Skipping video
khaYeIpmePo - Skipping video
Q9QZdXZmuFA - Skipping video
C-4x4QpmtMs - Skipping video
iv966DMdZo8 - Skipping video
8cz3c5qmthI - Subprocess ffmpeg to extract frames for id=8cz3c5qmthI, writing frames to /misc/vlgscratch2/FergusGroup/sercu/frames/Giraffe/8cz3c5qmthI
8cz3c5qmthI - ffmpeg returned unsuccesful with code 1.
8cz3c5qmthI - Wrote failing command to /misc/vlgscratch2/FergusGroup/sercu/frames/Giraffe/8cz3c5qmthI/command.log.
NqmoHJLZDgc - Skipping video
eOQAV6JdNMU - Subprocess ffmpeg to extract frames for id=eOQAV6JdNMU, writing frames to /misc/vlgscratch2/FergusGroup/sercu/frames/Giraffe/eOQAV6JdNMU
eOQAV6JdNMU - Finished extracting frames, start making overview.
eOQAV6JdNMU - Extracted 5354 frames, in 435 shots. Time from 2.6 to 2684.8 miliseconds.
eOQAV6JdNMU - Succesfully parsed ffmpeg log to shot info and pickled to /misc/vlgscratch2/FergusGroup/sercu/frames/Giraffe/eOQAV6JdNMU/info.pk
RgosmzQ2a-g - Skipping video
HrOhhSQJhlc - Skipping video
s5mwo_kzMgw - Skipping video
MJsGK7e500A - Skipping video
TI4w1GbkYBs - Skipping video
tKuPe4RR67s - Skipping video
JyNYWJP5Ywg - Skipping video
bD-IHM1c6fM - Skipping video
P7dPkehJnoE - Subprocess ffmpeg to extract frames for id=P7dPkehJnoE, writing frames to /misc/vlgscratch2/FergusGroup/sercu/frames/Giraffe/P7dPkehJnoE
P7dPkehJnoE - Finished extracting frames, start making overview.
P7dPkehJnoE - Extracted 2643 frames, in 9 shots. Time from 3.5 to 1324.4 miliseconds.
P7dPkehJnoE - Succesfully parsed ffmpeg log to shot info and pickled to /misc/vlgscratch2/FergusGroup/sercu/frames/Giraffe/P7dPkehJnoE/info.pk
U7jmtsA6H94 - Skipping video
UskUZoXrMHA - Skipping video
QhK3Mm-Twgs - Skipping video
j5AufwiSDz8 - Skipping video
GrPE8voiQIw - Skipping video
ECsb40kYPYg - Skipping video
MijbhtJsZcU - Subprocess ffmpeg to extract frames for id=MijbhtJsZcU, writing frames to /misc/vlgscratch2/FergusGroup/sercu/frames/Giraffe/MijbhtJsZcU
MijbhtJsZcU - Finished extracting frames, start making overview.
MijbhtJsZcU - Extracted 2933 frames, in 50 shots. Time from 0.4 to 1451.0 miliseconds.
MijbhtJsZcU - Succesfully parsed ffmpeg log to shot info and pickled to /misc/vlgscratch2/FergusGroup/sercu/frames/Giraffe/MijbhtJsZcU/info.pk
1cTlT7mBZVQ - Skipping video
G0ta0sxHLBM - Skipping video
c3nHUnIDHuQ - Subprocess ffmpeg to extract frames for id=c3nHUnIDHuQ, writing frames to /misc/vlgscratch2/FergusGroup/sercu/frames/Giraffe/c3nHUnIDHuQ
c3nHUnIDHuQ - ffmpeg returned unsuccesful with code 1.
c3nHUnIDHuQ - Wrote failing command to /misc/vlgscratch2/FergusGroup/sercu/frames/Giraffe/c3nHUnIDHuQ/command.log.
fK6SeHyAbKU - Skipping video
v5ZHo5ZWbfg - Subprocess ffmpeg to extract frames for id=v5ZHo5ZWbfg, writing frames to /misc/vlgscratch2/FergusGroup/sercu/frames/Giraffe/v5ZHo5ZWbfg
v5ZHo5ZWbfg - Finished extracting frames, start making overview.
v5ZHo5ZWbfg - Extracted 2417 frames, in 20 shots. Time from 5.3 to 1209.7 miliseconds.
v5ZHo5ZWbfg - Succesfully parsed ffmpeg log to shot info and pickled to /misc/vlgscratch2/FergusGroup/sercu/frames/Giraffe/v5ZHo5ZWbfg/info.pk
xA5TRT1Sn3E - Skipping video
JWNVjSWJFb0 - Skipping video
me0d9YGbWAc - Skipping video
iywDHO1ZD6o - Subprocess ffmpeg to extract frames for id=iywDHO1ZD6o, writing frames to /misc/vlgscratch2/FergusGroup/sercu/frames/Giraffe/iywDHO1ZD6o
iywDHO1ZD6o - Finished extracting frames, start making overview.
iywDHO1ZD6o - Extracted 3977 frames, in 20 shots. Time from 50.2 to 2035.5 miliseconds.
iywDHO1ZD6o - Succesfully parsed ffmpeg log to shot info and pickled to /misc/vlgscratch2/FergusGroup/sercu/frames/Giraffe/iywDHO1ZD6o/info.pk
iDnF3g7SvxA - Skipping video
Erq51K9RAZg - Skipping video
q_po4vRQWto - Skipping video
UfQr5eSkKN0 - Skipping video
XTwDjqyJS6s - Subprocess ffmpeg to extract frames for id=XTwDjqyJS6s, writing frames to /misc/vlgscratch2/FergusGroup/sercu/frames/Giraffe/XTwDjqyJS6s
XTwDjqyJS6s - Finished extracting frames, start making overview.
XTwDjqyJS6s - Extracted 5313 frames, in 315 shots. Time from 8.0 to 2697.8 miliseconds.
XTwDjqyJS6s - Succesfully parsed ffmpeg log to shot info and pickled to /misc/vlgscratch2/FergusGroup/sercu/frames/Giraffe/XTwDjqyJS6s/info.pk
1PCKscmuu4s - Skipping video
sio9TPR-NZQ - Skipping video
mORKCBHtSeg - Skipping video
UGRmecG_Xlk - Skipping video
i1c1FfrQqh0 - Skipping video
4rTauJs94pc - Skipping video
y20JYXMuWMc - Subprocess ffmpeg to extract frames for id=y20JYXMuWMc, writing frames to /misc/vlgscratch2/FergusGroup/sercu/frames/Giraffe/y20JYXMuWMc
y20JYXMuWMc - Finished extracting frames, start making overview.
y20JYXMuWMc - Extracted 5694 frames, in 152 shots. Time from 266.9 to 3063.9 miliseconds.
y20JYXMuWMc - Succesfully parsed ffmpeg log to shot info and pickled to /misc/vlgscratch2/FergusGroup/sercu/frames/Giraffe/y20JYXMuWMc/info.pk
5Xd58CpZSRM - Skipping video
w8-lZzV0Wck - Skipping video
2W3JMFjI7-I - Skipping video
BguzwECS1lo - Skipping video
CQ8ahXgJTv8 - Skipping video
U19b0yOTMiE - Skipping video
7yBuI4vmXQ0 - Skipping video
Hmfczlr6YVc - Subprocess ffmpeg to extract frames for id=Hmfczlr6YVc, writing frames to /misc/vlgscratch2/FergusGroup/sercu/frames/Giraffe/Hmfczlr6YVc
Hmfczlr6YVc - Finished extracting frames, start making overview.
Hmfczlr6YVc - Extracted 6450 frames, in 249 shots. Time from 1.0 to 3176.0 miliseconds.
Hmfczlr6YVc - Succesfully parsed ffmpeg log to shot info and pickled to /misc/vlgscratch2/FergusGroup/sercu/frames/Giraffe/Hmfczlr6YVc/info.pk
AhZxA5xex14 - Skipping video
kANRS0in5C8 - Skipping video
yB8TOQDqurk - Skipping video
Entered directory /misc/vlgscratch2/FergusGroup/sercu/youtube/Bears_2_64 with 0 videos
Entered directory /misc/vlgscratch2/FergusGroup/sercu/youtube/Lions_2_64 with 0 videos
Entered directory /misc/vlgscratch2/FergusGroup/sercu/youtube/Giraffe_2_64 with 0 videos
Entered directory /misc/vlgscratch2/FergusGroup/sercu/youtube/Bears_8_32 with 0 videos
Entered directory /misc/vlgscratch2/FergusGroup/sercu/youtube/test with 1 videos
jF5eDmDPUDk - Skipping video
