Entered directory /misc/vlgscratch2/FergusGroup/sercu/youtube/Bears with 74 videos
wr4d2FfivA4 - Skipping video
fWeiauMNnEs - Skipping video
Rkx10rwbFC8 - Skipping video
twGFxc6XObs - Skipping video
qQbSUO6HGEQ - Skipping video
OxpEGHnEQMY - Skipping video
V4SmBrnD58Y - Skipping video
49-KW-rwYmQ - Skipping video
cSPw6MXS5IA - Skipping video
lD63JOjqTDg - Skipping video
txED4ByjtCU - Skipping video
pOBujrezJVE - Skipping video
d36MK94POaI - Skipping video
bb3epqISWnI - Skipping video
yx8kjJgt_AE - Skipping video
3KyNsMszBY4 - Skipping video
GaYA3sHfk5U - Skipping video
LsZaD92ZryY - Skipping video
PTlL2N5Iwh8 - Skipping video
S3bKmz4od3g - Skipping video
ovBispFEFfE - Skipping video
iBsggj9t7VM - Skipping video
ldcSQbeUOiE - Skipping video
S19JJGEMNnI - Skipping video
fTnjZ4doTOg - Skipping video
HBBJkp0q8sw - Skipping video
5xtxswjKp-w - Skipping video
DX2lUN_ywTg - Skipping video
_o69h-vZ1Pc - Skipping video
3-eOlbWXJCY - Skipping video
8PNQCfWEA2A - Skipping video
Ib9WOVlB6xA - Skipping video
WL4yk9CGhsw - Skipping video
WvbIN4eXcHY - Skipping video
Dk2jjpLlR-I - Skipping video
2Qx2qLTtaZE - Skipping video
3QdBGRejCHQ - Skipping video
5BCVzr_xJYM - Skipping video
sEMwsQ34vZ8 - Skipping video
qDx4XsJpG6A - Skipping video
4msUhLnQtn0 - Skipping video
kZUbJWMu_QA - Skipping video
Ij3R07qeS1I - Skipping video
WW7QVI2QQKI - Skipping video
hVbQZE1Ds9k - Skipping video
VjrhvQTBwVs - Skipping video
QCRoWnpI110 - Skipping video
EsdY_aStO24 - Skipping video
GUfPuZrwR28 - Skipping video
kr29mEzAgNk - Skipping video
9zEKU2VI-KU - Skipping video
82iXK6xzySc - Skipping video
p2M7c-nvgbo - Skipping video
TNK2QocFr0g - Skipping video
sa8jT-GrmDE - Skipping video
y6vwMLvmb4g - Skipping video
T6oXRpMQHfo - Skipping video
8VaefYfY1L0 - Skipping video
i_-PwiwAFNw - Subprocess ffmpeg to extract frames for id=i_-PwiwAFNw, writing frames to /misc/vlgscratch2/FergusGroup/sercu/frames/Bears/i_-PwiwAFNw
i_-PwiwAFNw - Finished extracting frames, start making overview.
i_-PwiwAFNw - Extracted 6163 frames, in 487 shots. Time from 34.6 to 3123.7 miliseconds.
i_-PwiwAFNw - Succesfully parsed ffmpeg log to shot info and pickled to /misc/vlgscratch2/FergusGroup/sercu/frames/Bears/i_-PwiwAFNw/info.pk
h4ViNumnAFw - Skipping video
ifSvkEQQH7U - Skipping video
HgUO0iUYuZg - Skipping video
wDL6rgNyO70 - Skipping video
RpTzkF3zHUU - Skipping video
6yvbMRioy1U - Subprocess ffmpeg to extract frames for id=6yvbMRioy1U, writing frames to /misc/vlgscratch2/FergusGroup/sercu/frames/Bears/6yvbMRioy1U
6yvbMRioy1U - Finished extracting frames, start making overview.
6yvbMRioy1U - Extracted 3291 frames, in 292 shots. Time from 13.2 to 1592.5 miliseconds.
6yvbMRioy1U - Succesfully parsed ffmpeg log to shot info and pickled to /misc/vlgscratch2/FergusGroup/sercu/frames/Bears/6yvbMRioy1U/info.pk
-aS1_o0P1CU - Skipping video
JoMxBdj-o24 - Skipping video
fUOPxPnE5Bk - Skipping video
00jjvJAN8Dk - Skipping video
eDw0E1f5uQY - Subprocess ffmpeg to extract frames for id=eDw0E1f5uQY, writing frames to /misc/vlgscratch2/FergusGroup/sercu/frames/Bears/eDw0E1f5uQY
eDw0E1f5uQY - Finished extracting frames, start making overview.
eDw0E1f5uQY - Extracted 7032 frames, in 502 shots. Time from 13.6 to 3548.0 miliseconds.
eDw0E1f5uQY - Succesfully parsed ffmpeg log to shot info and pickled to /misc/vlgscratch2/FergusGroup/sercu/frames/Bears/eDw0E1f5uQY/info.pk
d6yZj3YAiYI - Skipping video
ErC1Vf6Px48 - Skipping video
FWMZFAfojfA - Skipping video
R78ZWASaFoU - Skipping video
Entered directory /misc/vlgscratch2/FergusGroup/sercu/youtube/Lions with 77 videos
ini_S6FK8DY - Skipping video
K3LevjGEbZw - Skipping video
3EBy69dRr04 - Subprocess ffmpeg to extract frames for id=3EBy69dRr04, writing frames to /misc/vlgscratch2/FergusGroup/sercu/frames/Lions/3EBy69dRr04
3EBy69dRr04 - Finished extracting frames, start making overview.
3EBy69dRr04 - Extracted 5390 frames, in 377 shots. Time from 6.4 to 2720.0 miliseconds.
3EBy69dRr04 - Succesfully parsed ffmpeg log to shot info and pickled to /misc/vlgscratch2/FergusGroup/sercu/frames/Lions/3EBy69dRr04/info.pk
EU8TEiP3TnY - Skipping video
Yg2oEHQq-48 - Skipping video
5h31Hmq8hQg - Skipping video
q-QFfm4aRAc - Skipping video
TCDv-mNJT7s - Subprocess ffmpeg to extract frames for id=TCDv-mNJT7s, writing frames to /misc/vlgscratch2/FergusGroup/sercu/frames/Lions/TCDv-mNJT7s
TCDv-mNJT7s - Finished extracting frames, start making overview.
TCDv-mNJT7s - Extracted 5654 frames, in 474 shots. Time from 4.9 to 2818.9 miliseconds.
TCDv-mNJT7s - Succesfully parsed ffmpeg log to shot info and pickled to /misc/vlgscratch2/FergusGroup/sercu/frames/Lions/TCDv-mNJT7s/info.pk
ZKZ8_JTUn7g - Skipping video
9dJv5TYmDeQ - Skipping video
gaU85YiBSzc - Skipping video
aa1mob1wcLs - Skipping video
TJDE6A58BYc - Subprocess ffmpeg to extract frames for id=TJDE6A58BYc, writing frames to /misc/vlgscratch2/FergusGroup/sercu/frames/Lions/TJDE6A58BYc
TJDE6A58BYc - Finished extracting frames, start making overview.
TJDE6A58BYc - Extracted 5501 frames, in 242 shots. Time from 11.4 to 2708.7 miliseconds.
TJDE6A58BYc - Succesfully parsed ffmpeg log to shot info and pickled to /misc/vlgscratch2/FergusGroup/sercu/frames/Lions/TJDE6A58BYc/info.pk
ZhvVlFg9Yj8 - Skipping video
fW6Fx4-MWzM - Skipping video
OJtGmCPVDwQ - Skipping video
zgLVJw9Umbs - Skipping video
Db0mPs_cYak - Skipping video
ZAGqNVbc0Ww - Skipping video
wU4S09W47W8 - Skipping video
WG_-FU3NNgw - Subprocess ffmpeg to extract frames for id=WG_-FU3NNgw, writing frames to /misc/vlgscratch2/FergusGroup/sercu/frames/Lions/WG_-FU3NNgw
WG_-FU3NNgw - Finished extracting frames, start making overview.
WG_-FU3NNgw - Extracted 5646 frames, in 492 shots. Time from 6.6 to 2818.4 miliseconds.
WG_-FU3NNgw - Succesfully parsed ffmpeg log to shot info and pickled to /misc/vlgscratch2/FergusGroup/sercu/frames/Lions/WG_-FU3NNgw/info.pk
kHQS8PD2GFw - Skipping video
QRPzJNP_85c - Skipping video
r_VhmUCRIEk - Skipping video
TPXfIPFWbL0 - Subprocess ffmpeg to extract frames for id=TPXfIPFWbL0, writing frames to /misc/vlgscratch2/FergusGroup/sercu/frames/Lions/TPXfIPFWbL0
TPXfIPFWbL0 - Finished extracting frames, start making overview.
TPXfIPFWbL0 - Extracted 5135 frames, in 411 shots. Time from 1.4 to 2576.1 miliseconds.
TPXfIPFWbL0 - Succesfully parsed ffmpeg log to shot info and pickled to /misc/vlgscratch2/FergusGroup/sercu/frames/Lions/TPXfIPFWbL0/info.pk
FjxcOjsEgWc - Skipping video
0BWD5I6YrIo - Skipping video
ZbLzW6fQUTk - Skipping video
VMh_lWvqsI8 - Skipping video
z5ISK5GDjsw - Subprocess ffmpeg to extract frames for id=z5ISK5GDjsw, writing frames to /misc/vlgscratch2/FergusGroup/sercu/frames/Lions/z5ISK5GDjsw
z5ISK5GDjsw - Finished extracting frames, start making overview.
z5ISK5GDjsw - Extracted 5390 frames, in 377 shots. Time from 6.4 to 2720.0 miliseconds.
z5ISK5GDjsw - Succesfully parsed ffmpeg log to shot info and pickled to /misc/vlgscratch2/FergusGroup/sercu/frames/Lions/z5ISK5GDjsw/info.pk
P9K30jIGX3M - Skipping video
zbQcsD8o0Vc - Skipping video
nvWMfFxoL_o - Skipping video
kbvNzF58idU - Skipping video
87fYZiV9-cM - Skipping video
MyLQeVXhkAY - Subprocess ffmpeg to extract frames for id=MyLQeVXhkAY, writing frames to /misc/vlgscratch2/FergusGroup/sercu/frames/Lions/MyLQeVXhkAY
MyLQeVXhkAY - Finished extracting frames, start making overview.
MyLQeVXhkAY - Extracted 9932 frames, in 841 shots. Time from 21.6 to 4959.7 miliseconds.
MyLQeVXhkAY - Succesfully parsed ffmpeg log to shot info and pickled to /misc/vlgscratch2/FergusGroup/sercu/frames/Lions/MyLQeVXhkAY/info.pk
N50Ftwt3iEM - Skipping video
HZIxCSZBO7s - Skipping video
XXxmu0LVFVQ - Skipping video
VoOazatUpPg - Skipping video
1UCZSH_zmWI - Skipping video
AjyPpGmjSDc - Skipping video
SPJ0pxsU8-k - Skipping video
pludELxVLoY - Subprocess ffmpeg to extract frames for id=pludELxVLoY, writing frames to /misc/vlgscratch2/FergusGroup/sercu/frames/Lions/pludELxVLoY
pludELxVLoY - Finished extracting frames, start making overview.
pludELxVLoY - Extracted 5390 frames, in 378 shots. Time from 6.4 to 2720.0 miliseconds.
pludELxVLoY - Succesfully parsed ffmpeg log to shot info and pickled to /misc/vlgscratch2/FergusGroup/sercu/frames/Lions/pludELxVLoY/info.pk
nI-cmlwmdEo - Skipping video
4otUgh5k4dE - Skipping video
2X-eX-jcIsU - Skipping video
_dFW04y9B6c - Skipping video
odhqCKFIxzE - Skipping video
2LEa9wDxXBE - Skipping video
TE7MYWiQ-is - Subprocess ffmpeg to extract frames for id=TE7MYWiQ-is, writing frames to /misc/vlgscratch2/FergusGroup/sercu/frames/Lions/TE7MYWiQ-is
TE7MYWiQ-is - Finished extracting frames, start making overview.
TE7MYWiQ-is - Extracted 6043 frames, in 318 shots. Time from 0.9 to 2951.4 miliseconds.
TE7MYWiQ-is - Succesfully parsed ffmpeg log to shot info and pickled to /misc/vlgscratch2/FergusGroup/sercu/frames/Lions/TE7MYWiQ-is/info.pk
Dawi9f2J1Vc - Skipping video
ri1RU9WpD2c - Skipping video
HZ8ws3GxUY0 - Skipping video
r7RFxio3EtY - Skipping video
1DWKrU6lTL8 - Skipping video
21-g_p_DKTU - Skipping video
IGnY66w2NxI - Subprocess ffmpeg to extract frames for id=IGnY66w2NxI, writing frames to /misc/vlgscratch2/FergusGroup/sercu/frames/Lions/IGnY66w2NxI
IGnY66w2NxI - Finished extracting frames, start making overview.
IGnY66w2NxI - Extracted 6884 frames, in 402 shots. Time from 28.8 to 3514.2 miliseconds.
IGnY66w2NxI - Succesfully parsed ffmpeg log to shot info and pickled to /misc/vlgscratch2/FergusGroup/sercu/frames/Lions/IGnY66w2NxI/info.pk
xM9c3kTNPto - Skipping video
QPtCbEGAxKc - Skipping video
paSTsGimYZg - Skipping video
s6XPOvju1qw - Skipping video
Xe_WZb3wvM8 - Skipping video
dCeHQfCjgJM - Skipping video
xZ032UBRhPI - Subprocess ffmpeg to extract frames for id=xZ032UBRhPI, writing frames to /misc/vlgscratch2/FergusGroup/sercu/frames/Lions/xZ032UBRhPI
xZ032UBRhPI - Finished extracting frames, start making overview.
xZ032UBRhPI - Extracted 5228 frames, in 287 shots. Time from 4.4 to 2656.9 miliseconds.
xZ032UBRhPI - Succesfully parsed ffmpeg log to shot info and pickled to /misc/vlgscratch2/FergusGroup/sercu/frames/Lions/xZ032UBRhPI/info.pk
hyq6Mnzyz00 - Skipping video
sowiQpn-izE - Skipping video
lyV_BvBaivA - Skipping video
wuT0gapT07E - Subprocess ffmpeg to extract frames for id=wuT0gapT07E, writing frames to /misc/vlgscratch2/FergusGroup/sercu/frames/Lions/wuT0gapT07E
wuT0gapT07E - Finished extracting frames, start making overview.
wuT0gapT07E - Extracted 6043 frames, in 318 shots. Time from 0.9 to 2951.4 miliseconds.
wuT0gapT07E - Succesfully parsed ffmpeg log to shot info and pickled to /misc/vlgscratch2/FergusGroup/sercu/frames/Lions/wuT0gapT07E/info.pk
0mimdvU6Hvk - Skipping video
B3YF_NFjn5E - Skipping video
7RKFqqwhtGs - Skipping video
co8NneR8ilc - Skipping video
JroDr5EvZA0 - Skipping video
ceFyF9px20Y - Skipping video
pQ3hmzf-8q0 - Skipping video
dEOl_e0NAEY - Subprocess ffmpeg to extract frames for id=dEOl_e0NAEY, writing frames to /misc/vlgscratch2/FergusGroup/sercu/frames/Lions/dEOl_e0NAEY
dEOl_e0NAEY - Finished extracting frames, start making overview.
dEOl_e0NAEY - Extracted 3232 frames, in 203 shots. Time from 8.1 to 1577.4 miliseconds.
dEOl_e0NAEY - Succesfully parsed ffmpeg log to shot info and pickled to /misc/vlgscratch2/FergusGroup/sercu/frames/Lions/dEOl_e0NAEY/info.pk
Entered directory /misc/vlgscratch2/FergusGroup/sercu/youtube/Giraffe with 57 videos
8BMfIWU1A5A - Skipping video
q0N8tbzfoUE - Skipping video
khaYeIpmePo - Skipping video
Q9QZdXZmuFA - Skipping video
C-4x4QpmtMs - Skipping video
iv966DMdZo8 - Subprocess ffmpeg to extract frames for id=iv966DMdZo8, writing frames to /misc/vlgscratch2/FergusGroup/sercu/frames/Giraffe/iv966DMdZo8
iv966DMdZo8 - Finished extracting frames, start making overview.
iv966DMdZo8 - Extracted 2662 frames, in 69 shots. Time from 41.0 to 1353.4 miliseconds.
iv966DMdZo8 - Succesfully parsed ffmpeg log to shot info and pickled to /misc/vlgscratch2/FergusGroup/sercu/frames/Giraffe/iv966DMdZo8/info.pk
8cz3c5qmthI - Skipping video
NqmoHJLZDgc - Skipping video
eOQAV6JdNMU - Skipping video
RgosmzQ2a-g - Subprocess ffmpeg to extract frames for id=RgosmzQ2a-g, writing frames to /misc/vlgscratch2/FergusGroup/sercu/frames/Giraffe/RgosmzQ2a-g
RgosmzQ2a-g - Finished extracting frames, start making overview.
RgosmzQ2a-g - Extracted 3897 frames, in 24 shots. Time from 6.9 to 1948.6 miliseconds.
RgosmzQ2a-g - Succesfully parsed ffmpeg log to shot info and pickled to /misc/vlgscratch2/FergusGroup/sercu/frames/Giraffe/RgosmzQ2a-g/info.pk
HrOhhSQJhlc - Skipping video
s5mwo_kzMgw - Skipping video
MJsGK7e500A - Skipping video
TI4w1GbkYBs - Skipping video
tKuPe4RR67s - Skipping video
JyNYWJP5Ywg - Subprocess ffmpeg to extract frames for id=JyNYWJP5Ywg, writing frames to /misc/vlgscratch2/FergusGroup/sercu/frames/Giraffe/JyNYWJP5Ywg
JyNYWJP5Ywg - Finished extracting frames, start making overview.
JyNYWJP5Ywg - Extracted 3601 frames, in 486 shots. Time from 23.3 to 1710.7 miliseconds.
JyNYWJP5Ywg - Succesfully parsed ffmpeg log to shot info and pickled to /misc/vlgscratch2/FergusGroup/sercu/frames/Giraffe/JyNYWJP5Ywg/info.pk
bD-IHM1c6fM - Skipping video
P7dPkehJnoE - Skipping video
U7jmtsA6H94 - Skipping video
UskUZoXrMHA - Skipping video
QhK3Mm-Twgs - Skipping video
j5AufwiSDz8 - Skipping video
GrPE8voiQIw - Subprocess ffmpeg to extract frames for id=GrPE8voiQIw, writing frames to /misc/vlgscratch2/FergusGroup/sercu/frames/Giraffe/GrPE8voiQIw
GrPE8voiQIw - Finished extracting frames, start making overview.
GrPE8voiQIw - Extracted 3690 frames, in 2 shots. Time from 3.0 to 1849.2 miliseconds.
GrPE8voiQIw - Succesfully parsed ffmpeg log to shot info and pickled to /misc/vlgscratch2/FergusGroup/sercu/frames/Giraffe/GrPE8voiQIw/info.pk
ECsb40kYPYg - Skipping video
MijbhtJsZcU - Skipping video
1cTlT7mBZVQ - Skipping video
G0ta0sxHLBM - Skipping video
c3nHUnIDHuQ - Skipping video
fK6SeHyAbKU - Subprocess ffmpeg to extract frames for id=fK6SeHyAbKU, writing frames to /misc/vlgscratch2/FergusGroup/sercu/frames/Giraffe/fK6SeHyAbKU
fK6SeHyAbKU - Finished extracting frames, start making overview.
fK6SeHyAbKU - Extracted 3190 frames, in 433 shots. Time from 2.3 to 1467.7 miliseconds.
fK6SeHyAbKU - Succesfully parsed ffmpeg log to shot info and pickled to /misc/vlgscratch2/FergusGroup/sercu/frames/Giraffe/fK6SeHyAbKU/info.pk
v5ZHo5ZWbfg - Skipping video
xA5TRT1Sn3E - Skipping video
JWNVjSWJFb0 - Skipping video
me0d9YGbWAc - Subprocess ffmpeg to extract frames for id=me0d9YGbWAc, writing frames to /misc/vlgscratch2/FergusGroup/sercu/frames/Giraffe/me0d9YGbWAc
me0d9YGbWAc - Finished extracting frames, start making overview.
me0d9YGbWAc - Extracted 5879 frames, in 658 shots. Time from 7.6 to 2895.0 miliseconds.
me0d9YGbWAc - Succesfully parsed ffmpeg log to shot info and pickled to /misc/vlgscratch2/FergusGroup/sercu/frames/Giraffe/me0d9YGbWAc/info.pk
iywDHO1ZD6o - Skipping video
iDnF3g7SvxA - Skipping video
Erq51K9RAZg - Skipping video
q_po4vRQWto - Skipping video
UfQr5eSkKN0 - Skipping video
XTwDjqyJS6s - Skipping video
1PCKscmuu4s - Subprocess ffmpeg to extract frames for id=1PCKscmuu4s, writing frames to /misc/vlgscratch2/FergusGroup/sercu/frames/Giraffe/1PCKscmuu4s
1PCKscmuu4s - Finished extracting frames, start making overview.
1PCKscmuu4s - Extracted 2323 frames, in 93 shots. Time from 79.2 to 1266.6 miliseconds.
1PCKscmuu4s - Succesfully parsed ffmpeg log to shot info and pickled to /misc/vlgscratch2/FergusGroup/sercu/frames/Giraffe/1PCKscmuu4s/info.pk
sio9TPR-NZQ - Skipping video
mORKCBHtSeg - Skipping video
UGRmecG_Xlk - Subprocess ffmpeg to extract frames for id=UGRmecG_Xlk, writing frames to /misc/vlgscratch2/FergusGroup/sercu/frames/Giraffe/UGRmecG_Xlk
UGRmecG_Xlk - Finished extracting frames, start making overview.
UGRmecG_Xlk - Extracted 5379 frames, in 357 shots. Time from 6.4 to 2720.2 miliseconds.
UGRmecG_Xlk - Succesfully parsed ffmpeg log to shot info and pickled to /misc/vlgscratch2/FergusGroup/sercu/frames/Giraffe/UGRmecG_Xlk/info.pk
i1c1FfrQqh0 - Skipping video
4rTauJs94pc - Skipping video
y20JYXMuWMc - Skipping video
5Xd58CpZSRM - Skipping video
w8-lZzV0Wck - Skipping video
2W3JMFjI7-I - Skipping video
BguzwECS1lo - Subprocess ffmpeg to extract frames for id=BguzwECS1lo, writing frames to /misc/vlgscratch2/FergusGroup/sercu/frames/Giraffe/BguzwECS1lo
BguzwECS1lo - Finished extracting frames, start making overview.
BguzwECS1lo - Extracted 6335 frames, in 93 shots. Time from 17.6 to 3160.7 miliseconds.
BguzwECS1lo - Succesfully parsed ffmpeg log to shot info and pickled to /misc/vlgscratch2/FergusGroup/sercu/frames/Giraffe/BguzwECS1lo/info.pk
CQ8ahXgJTv8 - Skipping video
U19b0yOTMiE - Skipping video
7yBuI4vmXQ0 - Skipping video
Hmfczlr6YVc - Skipping video
AhZxA5xex14 - Skipping video
kANRS0in5C8 - Skipping video
yB8TOQDqurk - Subprocess ffmpeg to extract frames for id=yB8TOQDqurk, writing frames to /misc/vlgscratch2/FergusGroup/sercu/frames/Giraffe/yB8TOQDqurk
yB8TOQDqurk - Finished extracting frames, start making overview.
yB8TOQDqurk - Extracted 3540 frames, in 291 shots. Time from 0.7 to 1699.1 miliseconds.
yB8TOQDqurk - Succesfully parsed ffmpeg log to shot info and pickled to /misc/vlgscratch2/FergusGroup/sercu/frames/Giraffe/yB8TOQDqurk/info.pk
Entered directory /misc/vlgscratch2/FergusGroup/sercu/youtube/Bears_2_64 with 0 videos
Entered directory /misc/vlgscratch2/FergusGroup/sercu/youtube/Lions_2_64 with 0 videos
Entered directory /misc/vlgscratch2/FergusGroup/sercu/youtube/Giraffe_2_64 with 0 videos
Entered directory /misc/vlgscratch2/FergusGroup/sercu/youtube/Bears_8_32 with 0 videos
Entered directory /misc/vlgscratch2/FergusGroup/sercu/youtube/test with 1 videos
jF5eDmDPUDk - Skipping video
